{"/Users/kirillfrolov/projects/tags-input/node_modules/object-assign/index.js": {"path":"/Users/kirillfrolov/projects/tags-input/node_modules/object-assign/index.js","statementMap":{"0":{"start":{"line":9,"column":28},"end":{"line":9,"column":56}},"1":{"start":{"line":10,"column":21},"end":{"line":10,"column":52}},"2":{"start":{"line":11,"column":23},"end":{"line":11,"column":60}},"3":{"start":{"line":14,"column":1},"end":{"line":16,"column":2}},"4":{"start":{"line":15,"column":2},"end":{"line":15,"column":79}},"5":{"start":{"line":18,"column":1},"end":{"line":18,"column":20}},"6":{"start":{"line":22,"column":1},"end":{"line":62,"column":2}},"7":{"start":{"line":23,"column":2},"end":{"line":25,"column":3}},"8":{"start":{"line":24,"column":3},"end":{"line":24,"column":16}},"9":{"start":{"line":30,"column":14},"end":{"line":30,"column":31}},"10":{"start":{"line":31,"column":2},"end":{"line":31,"column":18}},"11":{"start":{"line":32,"column":2},"end":{"line":34,"column":3}},"12":{"start":{"line":33,"column":3},"end":{"line":33,"column":16}},"13":{"start":{"line":37,"column":14},"end":{"line":37,"column":16}},"14":{"start":{"line":38,"column":2},"end":{"line":40,"column":3}},"15":{"start":{"line":38,"column":15},"end":{"line":38,"column":16}},"16":{"start":{"line":39,"column":3},"end":{"line":39,"column":43}},"17":{"start":{"line":41,"column":15},"end":{"line":43,"column":4}},"18":{"start":{"line":42,"column":3},"end":{"line":42,"column":19}},"19":{"start":{"line":44,"column":2},"end":{"line":46,"column":3}},"20":{"start":{"line":45,"column":3},"end":{"line":45,"column":16}},"21":{"start":{"line":49,"column":14},"end":{"line":49,"column":16}},"22":{"start":{"line":50,"column":2},"end":{"line":52,"column":5}},"23":{"start":{"line":51,"column":3},"end":{"line":51,"column":26}},"24":{"start":{"line":53,"column":2},"end":{"line":56,"column":3}},"25":{"start":{"line":55,"column":3},"end":{"line":55,"column":16}},"26":{"start":{"line":58,"column":2},"end":{"line":58,"column":14}},"27":{"start":{"line":61,"column":2},"end":{"line":61,"column":15}},"28":{"start":{"line":65,"column":17},"end":{"line":90,"column":1}},"29":{"start":{"line":67,"column":10},"end":{"line":67,"column":26}},"30":{"start":{"line":70,"column":1},"end":{"line":87,"column":2}},"31":{"start":{"line":70,"column":14},"end":{"line":70,"column":15}},"32":{"start":{"line":71,"column":2},"end":{"line":71,"column":30}},"33":{"start":{"line":73,"column":2},"end":{"line":77,"column":3}},"34":{"start":{"line":74,"column":3},"end":{"line":76,"column":4}},"35":{"start":{"line":75,"column":4},"end":{"line":75,"column":24}},"36":{"start":{"line":79,"column":2},"end":{"line":86,"column":3}},"37":{"start":{"line":80,"column":3},"end":{"line":80,"column":41}},"38":{"start":{"line":81,"column":3},"end":{"line":85,"column":4}},"39":{"start":{"line":81,"column":16},"end":{"line":81,"column":17}},"40":{"start":{"line":82,"column":4},"end":{"line":84,"column":5}},"41":{"start":{"line":83,"column":5},"end":{"line":83,"column":39}},"42":{"start":{"line":89,"column":1},"end":{"line":89,"column":11}}},"fnMap":{"0":{"name":"toObject","decl":{"start":{"line":13,"column":9},"end":{"line":13,"column":17}},"loc":{"start":{"line":13,"column":23},"end":{"line":19,"column":1}}},"1":{"name":"shouldUseNative","decl":{"start":{"line":21,"column":9},"end":{"line":21,"column":24}},"loc":{"start":{"line":21,"column":27},"end":{"line":63,"column":1}}},"2":{"name":"(anonymous_48)","decl":{"start":{"line":41,"column":53},"end":{"line":41,"column":63}},"loc":{"start":{"line":41,"column":66},"end":{"line":43,"column":3}}},"3":{"name":"(anonymous_49)","decl":{"start":{"line":50,"column":43},"end":{"line":50,"column":53}},"loc":{"start":{"line":50,"column":61},"end":{"line":52,"column":3}}},"4":{"name":"(anonymous_50)","decl":{"start":{"line":65,"column":53},"end":{"line":65,"column":63}},"loc":{"start":{"line":65,"column":79},"end":{"line":90,"column":1}}}},"branchMap":{"0":{"loc":{"start":{"line":14,"column":1},"end":{"line":16,"column":2}},"type":"if","locations":[{"start":{"line":14,"column":1},"end":{"line":16,"column":2}},{"start":{"line":14,"column":1},"end":{"line":16,"column":2}}]},"1":{"loc":{"start":{"line":14,"column":5},"end":{"line":14,"column":17}},"type":"binary-expr","locations":[{"start":{"line":14,"column":5},"end":{"line":14,"column":17}},{"start":{"line":14,"column":21},"end":{"line":14,"column":38}}]},"2":{"loc":{"start":{"line":23,"column":2},"end":{"line":25,"column":3}},"type":"if","locations":[{"start":{"line":23,"column":2},"end":{"line":25,"column":3}},{"start":{"line":23,"column":2},"end":{"line":25,"column":3}}]},"3":{"loc":{"start":{"line":32,"column":2},"end":{"line":34,"column":3}},"type":"if","locations":[{"start":{"line":32,"column":2},"end":{"line":34,"column":3}},{"start":{"line":32,"column":2},"end":{"line":34,"column":3}}]},"4":{"loc":{"start":{"line":44,"column":2},"end":{"line":46,"column":3}},"type":"if","locations":[{"start":{"line":44,"column":2},"end":{"line":46,"column":3}},{"start":{"line":44,"column":2},"end":{"line":46,"column":3}}]},"5":{"loc":{"start":{"line":53,"column":2},"end":{"line":56,"column":3}},"type":"if","locations":[{"start":{"line":53,"column":2},"end":{"line":56,"column":3}},{"start":{"line":53,"column":2},"end":{"line":56,"column":3}}]},"6":{"loc":{"start":{"line":65,"column":37},"end":{"line":65,"column":50}},"type":"cond-expr","locations":[{"start":{"line":65,"column":37},"end":{"line":65,"column":50}},{"start":{"line":65,"column":53},"end":{"line":90,"column":1}}]},"7":{"loc":{"start":{"line":74,"column":3},"end":{"line":76,"column":4}},"type":"if","locations":[{"start":{"line":74,"column":3},"end":{"line":76,"column":4}},{"start":{"line":74,"column":3},"end":{"line":76,"column":4}}]},"8":{"loc":{"start":{"line":79,"column":2},"end":{"line":86,"column":3}},"type":"if","locations":[{"start":{"line":79,"column":2},"end":{"line":86,"column":3}},{"start":{"line":79,"column":2},"end":{"line":86,"column":3}}]},"9":{"loc":{"start":{"line":82,"column":4},"end":{"line":84,"column":5}},"type":"if","locations":[{"start":{"line":82,"column":4},"end":{"line":84,"column":5}},{"start":{"line":82,"column":4},"end":{"line":84,"column":5}}]}},"s":{"0":0,"1":0,"2":0,"3":0,"4":0,"5":0,"6":0,"7":0,"8":0,"9":0,"10":0,"11":0,"12":0,"13":0,"14":0,"15":0,"16":0,"17":0,"18":0,"19":0,"20":0,"21":0,"22":0,"23":0,"24":0,"25":0,"26":0,"27":0,"28":0,"29":0,"30":0,"31":0,"32":0,"33":0,"34":0,"35":0,"36":0,"37":0,"38":0,"39":0,"40":0,"41":0,"42":0},"f":{"0":0,"1":0,"2":0,"3":0,"4":0},"b":{"0":[0,0],"1":[0,0],"2":[0,0],"3":[0,0],"4":[0,0],"5":[0,0],"6":[0,0],"7":[0,0],"8":[0,0],"9":[0,0]}}
,"/Users/kirillfrolov/projects/tags-input/node_modules/prop-types/checkPropTypes.js": {"path":"/Users/kirillfrolov/projects/tags-input/node_modules/prop-types/checkPropTypes.js","statementMap":{"0":{"start":{"line":10,"column":19},"end":{"line":10,"column":32}},"1":{"start":{"line":12,"column":0},"end":{"line":29,"column":1}},"2":{"start":{"line":13,"column":29},"end":{"line":13,"column":66}},"3":{"start":{"line":14,"column":27},"end":{"line":14,"column":29}},"4":{"start":{"line":15,"column":12},"end":{"line":15,"column":63}},"5":{"start":{"line":17,"column":2},"end":{"line":28,"column":4}},"6":{"start":{"line":18,"column":18},"end":{"line":18,"column":36}},"7":{"start":{"line":19,"column":4},"end":{"line":21,"column":5}},"8":{"start":{"line":20,"column":6},"end":{"line":20,"column":29}},"9":{"start":{"line":22,"column":4},"end":{"line":27,"column":18}},"10":{"start":{"line":26,"column":6},"end":{"line":26,"column":31}},"11":{"start":{"line":43,"column":2},"end":{"line":88,"column":3}},"12":{"start":{"line":44,"column":4},"end":{"line":87,"column":5}},"13":{"start":{"line":45,"column":6},"end":{"line":86,"column":7}},"14":{"start":{"line":50,"column":8},"end":{"line":64,"column":9}},"15":{"start":{"line":53,"column":10},"end":{"line":60,"column":11}},"16":{"start":{"line":54,"column":22},"end":{"line":57,"column":13}},"17":{"start":{"line":58,"column":12},"end":{"line":58,"column":45}},"18":{"start":{"line":59,"column":12},"end":{"line":59,"column":22}},"19":{"start":{"line":61,"column":10},"end":{"line":61,"column":117}},"20":{"start":{"line":63,"column":10},"end":{"line":63,"column":21}},"21":{"start":{"line":65,"column":8},"end":{"line":74,"column":9}},"22":{"start":{"line":66,"column":10},"end":{"line":73,"column":12}},"23":{"start":{"line":75,"column":8},"end":{"line":85,"column":9}},"24":{"start":{"line":78,"column":10},"end":{"line":78,"column":51}},"25":{"start":{"line":80,"column":22},"end":{"line":80,"column":48}},"26":{"start":{"line":82,"column":10},"end":{"line":84,"column":12}},"27":{"start":{"line":96,"column":0},"end":{"line":100,"column":1}},"28":{"start":{"line":97,"column":2},"end":{"line":99,"column":3}},"29":{"start":{"line":98,"column":4},"end":{"line":98,"column":28}},"30":{"start":{"line":102,"column":17},"end":{"line":102,"column":31}}},"fnMap":{"0":{"name":"(anonymous_51)","decl":{"start":{"line":10,"column":19},"end":{"line":10,"column":30}},"loc":{"start":{"line":10,"column":30},"end":{"line":10,"column":32}}},"1":{"name":"(anonymous_52)","decl":{"start":{"line":17,"column":17},"end":{"line":17,"column":26}},"loc":{"start":{"line":17,"column":32},"end":{"line":28,"column":3}}},"2":{"name":"checkPropTypes","decl":{"start":{"line":42,"column":9},"end":{"line":42,"column":23}},"loc":{"start":{"line":42,"column":78},"end":{"line":89,"column":1}}},"3":{"name":"(anonymous_54)","decl":{"start":{"line":96,"column":35},"end":{"line":96,"column":46}},"loc":{"start":{"line":96,"column":46},"end":{"line":100,"column":1}}}},"branchMap":{"0":{"loc":{"start":{"line":12,"column":0},"end":{"line":29,"column":1}},"type":"if","locations":[{"start":{"line":12,"column":0},"end":{"line":29,"column":1}},{"start":{"line":12,"column":0},"end":{"line":29,"column":1}}]},"1":{"loc":{"start":{"line":19,"column":4},"end":{"line":21,"column":5}},"type":"if","locations":[{"start":{"line":19,"column":4},"end":{"line":21,"column":5}},{"start":{"line":19,"column":4},"end":{"line":21,"column":5}}]},"2":{"loc":{"start":{"line":43,"column":2},"end":{"line":88,"column":3}},"type":"if","locations":[{"start":{"line":43,"column":2},"end":{"line":88,"column":3}},{"start":{"line":43,"column":2},"end":{"line":88,"column":3}}]},"3":{"loc":{"start":{"line":45,"column":6},"end":{"line":86,"column":7}},"type":"if","locations":[{"start":{"line":45,"column":6},"end":{"line":86,"column":7}},{"start":{"line":45,"column":6},"end":{"line":86,"column":7}}]},"4":{"loc":{"start":{"line":53,"column":10},"end":{"line":60,"column":11}},"type":"if","locations":[{"start":{"line":53,"column":10},"end":{"line":60,"column":11}},{"start":{"line":53,"column":10},"end":{"line":60,"column":11}}]},"5":{"loc":{"start":{"line":55,"column":15},"end":{"line":55,"column":28}},"type":"binary-expr","locations":[{"start":{"line":55,"column":15},"end":{"line":55,"column":28}},{"start":{"line":55,"column":32},"end":{"line":55,"column":45}}]},"6":{"loc":{"start":{"line":65,"column":8},"end":{"line":74,"column":9}},"type":"if","locations":[{"start":{"line":65,"column":8},"end":{"line":74,"column":9}},{"start":{"line":65,"column":8},"end":{"line":74,"column":9}}]},"7":{"loc":{"start":{"line":65,"column":12},"end":{"line":65,"column":17}},"type":"binary-expr","locations":[{"start":{"line":65,"column":12},"end":{"line":65,"column":17}},{"start":{"line":65,"column":21},"end":{"line":65,"column":46}}]},"8":{"loc":{"start":{"line":67,"column":13},"end":{"line":67,"column":26}},"type":"binary-expr","locations":[{"start":{"line":67,"column":13},"end":{"line":67,"column":26}},{"start":{"line":67,"column":30},"end":{"line":67,"column":43}}]},"9":{"loc":{"start":{"line":75,"column":8},"end":{"line":85,"column":9}},"type":"if","locations":[{"start":{"line":75,"column":8},"end":{"line":85,"column":9}},{"start":{"line":75,"column":8},"end":{"line":85,"column":9}}]},"10":{"loc":{"start":{"line":75,"column":12},"end":{"line":75,"column":34}},"type":"binary-expr","locations":[{"start":{"line":75,"column":12},"end":{"line":75,"column":34}},{"start":{"line":75,"column":38},"end":{"line":75,"column":76}}]},"11":{"loc":{"start":{"line":80,"column":33},"end":{"line":80,"column":43}},"type":"cond-expr","locations":[{"start":{"line":80,"column":33},"end":{"line":80,"column":43}},{"start":{"line":80,"column":46},"end":{"line":80,"column":48}}]},"12":{"loc":{"start":{"line":83,"column":80},"end":{"line":83,"column":85}},"type":"cond-expr","locations":[{"start":{"line":83,"column":80},"end":{"line":83,"column":85}},{"start":{"line":83,"column":88},"end":{"line":83,"column":90}}]},"13":{"loc":{"start":{"line":97,"column":2},"end":{"line":99,"column":3}},"type":"if","locations":[{"start":{"line":97,"column":2},"end":{"line":99,"column":3}},{"start":{"line":97,"column":2},"end":{"line":99,"column":3}}]}},"s":{"0":0,"1":0,"2":0,"3":0,"4":0,"5":0,"6":0,"7":0,"8":0,"9":0,"10":0,"11":0,"12":0,"13":0,"14":0,"15":0,"16":0,"17":0,"18":0,"19":0,"20":0,"21":0,"22":0,"23":0,"24":0,"25":0,"26":0,"27":0,"28":0,"29":0,"30":0},"f":{"0":0,"1":0,"2":0,"3":0},"b":{"0":[0,0],"1":[0,0],"2":[0,0],"3":[0,0],"4":[0,0],"5":[0,0],"6":[0,0],"7":[0,0],"8":[0,0],"9":[0,0],"10":[0,0],"11":[0,0],"12":[0,0],"13":[0,0]}}
,"/Users/kirillfrolov/projects/tags-input/node_modules/prop-types/factoryWithThrowingShims.js": {"path":"/Users/kirillfrolov/projects/tags-input/node_modules/prop-types/factoryWithThrowingShims.js","statementMap":{"0":{"start":{"line":14,"column":0},"end":{"line":14,"column":57}},"1":{"start":{"line":16,"column":17},"end":{"line":64,"column":1}},"2":{"start":{"line":18,"column":4},"end":{"line":21,"column":5}},"3":{"start":{"line":20,"column":6},"end":{"line":20,"column":13}},"4":{"start":{"line":22,"column":14},"end":{"line":26,"column":5}},"5":{"start":{"line":27,"column":4},"end":{"line":27,"column":37}},"6":{"start":{"line":28,"column":4},"end":{"line":28,"column":14}},"7":{"start":{"line":30,"column":2},"end":{"line":30,"column":25}},"8":{"start":{"line":32,"column":4},"end":{"line":32,"column":16}},"9":{"start":{"line":36,"column":23},"end":{"line":59,"column":3}},"10":{"start":{"line":61,"column":2},"end":{"line":61,"column":44}},"11":{"start":{"line":63,"column":2},"end":{"line":63,"column":24}}},"fnMap":{"0":{"name":"emptyFunction","decl":{"start":{"line":12,"column":9},"end":{"line":12,"column":22}},"loc":{"start":{"line":12,"column":25},"end":{"line":12,"column":27}}},"1":{"name":"emptyFunctionWithReset","decl":{"start":{"line":13,"column":9},"end":{"line":13,"column":31}},"loc":{"start":{"line":13,"column":34},"end":{"line":13,"column":36}}},"2":{"name":"(anonymous_96)","decl":{"start":{"line":16,"column":17},"end":{"line":16,"column":28}},"loc":{"start":{"line":16,"column":28},"end":{"line":64,"column":1}}},"3":{"name":"shim","decl":{"start":{"line":17,"column":11},"end":{"line":17,"column":15}},"loc":{"start":{"line":17,"column":80},"end":{"line":29,"column":3}}},"4":{"name":"getShim","decl":{"start":{"line":31,"column":11},"end":{"line":31,"column":18}},"loc":{"start":{"line":31,"column":21},"end":{"line":33,"column":3}}}},"branchMap":{"0":{"loc":{"start":{"line":18,"column":4},"end":{"line":21,"column":5}},"type":"if","locations":[{"start":{"line":18,"column":4},"end":{"line":21,"column":5}},{"start":{"line":18,"column":4},"end":{"line":21,"column":5}}]}},"s":{"0":0,"1":0,"2":0,"3":0,"4":0,"5":0,"6":0,"7":0,"8":0,"9":0,"10":0,"11":0},"f":{"0":0,"1":0,"2":0,"3":0,"4":0},"b":{"0":[0,0]}}
,"/Users/kirillfrolov/projects/tags-input/node_modules/prop-types/factoryWithTypeCheckers.js": {"path":"/Users/kirillfrolov/projects/tags-input/node_modules/prop-types/factoryWithTypeCheckers.js","statementMap":{"0":{"start":{"line":16,"column":10},"end":{"line":16,"column":61}},"1":{"start":{"line":17,"column":19},"end":{"line":17,"column":32}},"2":{"start":{"line":19,"column":0},"end":{"line":32,"column":1}},"3":{"start":{"line":20,"column":2},"end":{"line":31,"column":4}},"4":{"start":{"line":21,"column":18},"end":{"line":21,"column":36}},"5":{"start":{"line":22,"column":4},"end":{"line":24,"column":5}},"6":{"start":{"line":23,"column":6},"end":{"line":23,"column":29}},"7":{"start":{"line":25,"column":4},"end":{"line":30,"column":18}},"8":{"start":{"line":29,"column":6},"end":{"line":29,"column":31}},"9":{"start":{"line":35,"column":2},"end":{"line":35,"column":14}},"10":{"start":{"line":38,"column":17},"end":{"line":591,"column":1}},"11":{"start":{"line":40,"column":24},"end":{"line":40,"column":71}},"12":{"start":{"line":41,"column":29},"end":{"line":41,"column":41}},"13":{"start":{"line":58,"column":21},"end":{"line":58,"column":128}},"14":{"start":{"line":59,"column":4},"end":{"line":61,"column":5}},"15":{"start":{"line":60,"column":6},"end":{"line":60,"column":24}},"16":{"start":{"line":111,"column":18},"end":{"line":111,"column":33}},"17":{"start":{"line":115,"column":23},"end":{"line":135,"column":3}},"18":{"start":{"line":144,"column":4},"end":{"line":151,"column":5}},"19":{"start":{"line":147,"column":6},"end":{"line":147,"column":40}},"20":{"start":{"line":150,"column":6},"end":{"line":150,"column":32}},"21":{"start":{"line":163,"column":4},"end":{"line":163,"column":27}},"22":{"start":{"line":164,"column":4},"end":{"line":164,"column":20}},"23":{"start":{"line":167,"column":2},"end":{"line":167,"column":44}},"24":{"start":{"line":170,"column":4},"end":{"line":173,"column":5}},"25":{"start":{"line":171,"column":36},"end":{"line":171,"column":38}},"26":{"start":{"line":172,"column":39},"end":{"line":172,"column":40}},"27":{"start":{"line":175,"column":6},"end":{"line":175,"column":49}},"28":{"start":{"line":176,"column":6},"end":{"line":176,"column":46}},"29":{"start":{"line":178,"column":6},"end":{"line":207,"column":7}},"30":{"start":{"line":179,"column":8},"end":{"line":206,"column":9}},"31":{"start":{"line":181,"column":20},"end":{"line":185,"column":11}},"32":{"start":{"line":186,"column":10},"end":{"line":186,"column":43}},"33":{"start":{"line":187,"column":10},"end":{"line":187,"column":20}},"34":{"start":{"line":188,"column":15},"end":{"line":206,"column":9}},"35":{"start":{"line":190,"column":25},"end":{"line":190,"column":55}},"36":{"start":{"line":191,"column":10},"end":{"line":205,"column":11}},"37":{"start":{"line":196,"column":12},"end":{"line":202,"column":14}},"38":{"start":{"line":203,"column":12},"end":{"line":203,"column":53}},"39":{"start":{"line":204,"column":12},"end":{"line":204,"column":41}},"40":{"start":{"line":208,"column":6},"end":{"line":218,"column":7}},"41":{"start":{"line":209,"column":8},"end":{"line":214,"column":9}},"42":{"start":{"line":210,"column":10},"end":{"line":212,"column":11}},"43":{"start":{"line":211,"column":12},"end":{"line":211,"column":166}},"44":{"start":{"line":213,"column":10},"end":{"line":213,"column":169}},"45":{"start":{"line":215,"column":8},"end":{"line":215,"column":20}},"46":{"start":{"line":217,"column":8},"end":{"line":217,"column":80}},"47":{"start":{"line":221,"column":27},"end":{"line":221,"column":54}},"48":{"start":{"line":222,"column":4},"end":{"line":222,"column":61}},"49":{"start":{"line":224,"column":4},"end":{"line":224,"column":28}},"50":{"start":{"line":229,"column":22},"end":{"line":229,"column":37}},"51":{"start":{"line":230,"column":21},"end":{"line":230,"column":43}},"52":{"start":{"line":231,"column":6},"end":{"line":238,"column":7}},"53":{"start":{"line":235,"column":26},"end":{"line":235,"column":51}},"54":{"start":{"line":237,"column":8},"end":{"line":237,"column":198}},"55":{"start":{"line":239,"column":6},"end":{"line":239,"column":18}},"56":{"start":{"line":241,"column":4},"end":{"line":241,"column":48}},"57":{"start":{"line":245,"column":4},"end":{"line":245,"column":68}},"58":{"start":{"line":250,"column":6},"end":{"line":252,"column":7}},"59":{"start":{"line":251,"column":8},"end":{"line":251,"column":151}},"60":{"start":{"line":253,"column":22},"end":{"line":253,"column":37}},"61":{"start":{"line":254,"column":6},"end":{"line":257,"column":7}},"62":{"start":{"line":255,"column":23},"end":{"line":255,"column":45}},"63":{"start":{"line":256,"column":8},"end":{"line":256,"column":174}},"64":{"start":{"line":258,"column":6},"end":{"line":263,"column":7}},"65":{"start":{"line":258,"column":19},"end":{"line":258,"column":20}},"66":{"start":{"line":259,"column":20},"end":{"line":259,"column":122}},"67":{"start":{"line":260,"column":8},"end":{"line":262,"column":9}},"68":{"start":{"line":261,"column":10},"end":{"line":261,"column":23}},"69":{"start":{"line":264,"column":6},"end":{"line":264,"column":18}},"70":{"start":{"line":266,"column":4},"end":{"line":266,"column":48}},"71":{"start":{"line":271,"column":22},"end":{"line":271,"column":37}},"72":{"start":{"line":272,"column":6},"end":{"line":275,"column":7}},"73":{"start":{"line":273,"column":23},"end":{"line":273,"column":45}},"74":{"start":{"line":274,"column":8},"end":{"line":274,"column":187}},"75":{"start":{"line":276,"column":6},"end":{"line":276,"column":18}},"76":{"start":{"line":278,"column":4},"end":{"line":278,"column":48}},"77":{"start":{"line":283,"column":22},"end":{"line":283,"column":37}},"78":{"start":{"line":284,"column":6},"end":{"line":287,"column":7}},"79":{"start":{"line":285,"column":23},"end":{"line":285,"column":45}},"80":{"start":{"line":286,"column":8},"end":{"line":286,"column":192}},"81":{"start":{"line":288,"column":6},"end":{"line":288,"column":18}},"82":{"start":{"line":290,"column":4},"end":{"line":290,"column":48}},"83":{"start":{"line":295,"column":6},"end":{"line":299,"column":7}},"84":{"start":{"line":296,"column":32},"end":{"line":296,"column":63}},"85":{"start":{"line":297,"column":30},"end":{"line":297,"column":59}},"86":{"start":{"line":298,"column":8},"end":{"line":298,"column":219}},"87":{"start":{"line":300,"column":6},"end":{"line":300,"column":18}},"88":{"start":{"line":302,"column":4},"end":{"line":302,"column":48}},"89":{"start":{"line":306,"column":4},"end":{"line":318,"column":5}},"90":{"start":{"line":307,"column":6},"end":{"line":316,"column":7}},"91":{"start":{"line":308,"column":8},"end":{"line":315,"column":9}},"92":{"start":{"line":309,"column":10},"end":{"line":312,"column":12}},"93":{"start":{"line":314,"column":10},"end":{"line":314,"column":81}},"94":{"start":{"line":317,"column":6},"end":{"line":317,"column":42}},"95":{"start":{"line":321,"column":22},"end":{"line":321,"column":37}},"96":{"start":{"line":322,"column":6},"end":{"line":326,"column":7}},"97":{"start":{"line":322,"column":19},"end":{"line":322,"column":20}},"98":{"start":{"line":323,"column":8},"end":{"line":325,"column":9}},"99":{"start":{"line":324,"column":10},"end":{"line":324,"column":22}},"100":{"start":{"line":328,"column":25},"end":{"line":334,"column":8}},"101":{"start":{"line":329,"column":19},"end":{"line":329,"column":40}},"102":{"start":{"line":330,"column":8},"end":{"line":332,"column":9}},"103":{"start":{"line":331,"column":10},"end":{"line":331,"column":31}},"104":{"start":{"line":333,"column":8},"end":{"line":333,"column":21}},"105":{"start":{"line":335,"column":6},"end":{"line":335,"column":201}},"106":{"start":{"line":337,"column":4},"end":{"line":337,"column":48}},"107":{"start":{"line":342,"column":6},"end":{"line":344,"column":7}},"108":{"start":{"line":343,"column":8},"end":{"line":343,"column":152}},"109":{"start":{"line":345,"column":22},"end":{"line":345,"column":37}},"110":{"start":{"line":346,"column":21},"end":{"line":346,"column":43}},"111":{"start":{"line":347,"column":6},"end":{"line":349,"column":7}},"112":{"start":{"line":348,"column":8},"end":{"line":348,"column":175}},"113":{"start":{"line":350,"column":6},"end":{"line":357,"column":7}},"114":{"start":{"line":351,"column":8},"end":{"line":356,"column":9}},"115":{"start":{"line":352,"column":22},"end":{"line":352,"column":122}},"116":{"start":{"line":353,"column":10},"end":{"line":355,"column":11}},"117":{"start":{"line":354,"column":12},"end":{"line":354,"column":25}},"118":{"start":{"line":358,"column":6},"end":{"line":358,"column":18}},"119":{"start":{"line":360,"column":4},"end":{"line":360,"column":48}},"120":{"start":{"line":364,"column":4},"end":{"line":367,"column":5}},"121":{"start":{"line":365,"column":6},"end":{"line":365,"column":142}},"122":{"start":{"line":366,"column":6},"end":{"line":366,"column":42}},"123":{"start":{"line":369,"column":4},"end":{"line":378,"column":5}},"124":{"start":{"line":369,"column":17},"end":{"line":369,"column":18}},"125":{"start":{"line":370,"column":20},"end":{"line":370,"column":42}},"126":{"start":{"line":371,"column":6},"end":{"line":377,"column":7}},"127":{"start":{"line":372,"column":8},"end":{"line":375,"column":10}},"128":{"start":{"line":376,"column":8},"end":{"line":376,"column":44}},"129":{"start":{"line":381,"column":6},"end":{"line":386,"column":7}},"130":{"start":{"line":381,"column":19},"end":{"line":381,"column":20}},"131":{"start":{"line":382,"column":22},"end":{"line":382,"column":44}},"132":{"start":{"line":383,"column":8},"end":{"line":385,"column":9}},"133":{"start":{"line":384,"column":10},"end":{"line":384,"column":22}},"134":{"start":{"line":388,"column":6},"end":{"line":388,"column":126}},"135":{"start":{"line":390,"column":4},"end":{"line":390,"column":48}},"136":{"start":{"line":395,"column":6},"end":{"line":397,"column":7}},"137":{"start":{"line":396,"column":8},"end":{"line":396,"column":150}},"138":{"start":{"line":398,"column":6},"end":{"line":398,"column":18}},"139":{"start":{"line":400,"column":4},"end":{"line":400,"column":48}},"140":{"start":{"line":405,"column":22},"end":{"line":405,"column":37}},"141":{"start":{"line":406,"column":21},"end":{"line":406,"column":43}},"142":{"start":{"line":407,"column":6},"end":{"line":409,"column":7}},"143":{"start":{"line":408,"column":8},"end":{"line":408,"column":174}},"144":{"start":{"line":410,"column":6},"end":{"line":419,"column":7}},"145":{"start":{"line":411,"column":22},"end":{"line":411,"column":37}},"146":{"start":{"line":412,"column":8},"end":{"line":414,"column":9}},"147":{"start":{"line":413,"column":10},"end":{"line":413,"column":19}},"148":{"start":{"line":415,"column":20},"end":{"line":415,"column":116}},"149":{"start":{"line":416,"column":8},"end":{"line":418,"column":9}},"150":{"start":{"line":417,"column":10},"end":{"line":417,"column":23}},"151":{"start":{"line":420,"column":6},"end":{"line":420,"column":18}},"152":{"start":{"line":422,"column":4},"end":{"line":422,"column":48}},"153":{"start":{"line":427,"column":22},"end":{"line":427,"column":37}},"154":{"start":{"line":428,"column":21},"end":{"line":428,"column":43}},"155":{"start":{"line":429,"column":6},"end":{"line":431,"column":7}},"156":{"start":{"line":430,"column":8},"end":{"line":430,"column":174}},"157":{"start":{"line":434,"column":20},"end":{"line":434,"column":59}},"158":{"start":{"line":435,"column":6},"end":{"line":448,"column":7}},"159":{"start":{"line":436,"column":22},"end":{"line":436,"column":37}},"160":{"start":{"line":437,"column":8},"end":{"line":443,"column":9}},"161":{"start":{"line":438,"column":10},"end":{"line":442,"column":12}},"162":{"start":{"line":444,"column":20},"end":{"line":444,"column":116}},"163":{"start":{"line":445,"column":8},"end":{"line":447,"column":9}},"164":{"start":{"line":446,"column":10},"end":{"line":446,"column":23}},"165":{"start":{"line":449,"column":6},"end":{"line":449,"column":18}},"166":{"start":{"line":452,"column":4},"end":{"line":452,"column":48}},"167":{"start":{"line":456,"column":4},"end":{"line":499,"column":5}},"168":{"start":{"line":460,"column":8},"end":{"line":460,"column":20}},"169":{"start":{"line":462,"column":8},"end":{"line":462,"column":26}},"170":{"start":{"line":464,"column":8},"end":{"line":466,"column":9}},"171":{"start":{"line":465,"column":10},"end":{"line":465,"column":41}},"172":{"start":{"line":467,"column":8},"end":{"line":469,"column":9}},"173":{"start":{"line":468,"column":10},"end":{"line":468,"column":22}},"174":{"start":{"line":471,"column":25},"end":{"line":471,"column":49}},"175":{"start":{"line":472,"column":8},"end":{"line":494,"column":9}},"176":{"start":{"line":473,"column":25},"end":{"line":473,"column":51}},"177":{"start":{"line":475,"column":10},"end":{"line":491,"column":11}},"178":{"start":{"line":476,"column":12},"end":{"line":480,"column":13}},"179":{"start":{"line":477,"column":14},"end":{"line":479,"column":15}},"180":{"start":{"line":478,"column":16},"end":{"line":478,"column":29}},"181":{"start":{"line":483,"column":12},"end":{"line":490,"column":13}},"182":{"start":{"line":484,"column":26},"end":{"line":484,"column":36}},"183":{"start":{"line":485,"column":14},"end":{"line":489,"column":15}},"184":{"start":{"line":486,"column":16},"end":{"line":488,"column":17}},"185":{"start":{"line":487,"column":18},"end":{"line":487,"column":31}},"186":{"start":{"line":493,"column":10},"end":{"line":493,"column":23}},"187":{"start":{"line":496,"column":8},"end":{"line":496,"column":20}},"188":{"start":{"line":498,"column":8},"end":{"line":498,"column":21}},"189":{"start":{"line":504,"column":4},"end":{"line":506,"column":5}},"190":{"start":{"line":505,"column":6},"end":{"line":505,"column":18}},"191":{"start":{"line":509,"column":4},"end":{"line":511,"column":5}},"192":{"start":{"line":510,"column":6},"end":{"line":510,"column":19}},"193":{"start":{"line":514,"column":4},"end":{"line":516,"column":5}},"194":{"start":{"line":515,"column":6},"end":{"line":515,"column":18}},"195":{"start":{"line":519,"column":4},"end":{"line":521,"column":5}},"196":{"start":{"line":520,"column":6},"end":{"line":520,"column":18}},"197":{"start":{"line":523,"column":4},"end":{"line":523,"column":17}},"198":{"start":{"line":528,"column":19},"end":{"line":528,"column":35}},"199":{"start":{"line":529,"column":4},"end":{"line":531,"column":5}},"200":{"start":{"line":530,"column":6},"end":{"line":530,"column":21}},"201":{"start":{"line":532,"column":4},"end":{"line":537,"column":5}},"202":{"start":{"line":536,"column":6},"end":{"line":536,"column":22}},"203":{"start":{"line":538,"column":4},"end":{"line":540,"column":5}},"204":{"start":{"line":539,"column":6},"end":{"line":539,"column":22}},"205":{"start":{"line":541,"column":4},"end":{"line":541,"column":20}},"206":{"start":{"line":547,"column":4},"end":{"line":549,"column":5}},"207":{"start":{"line":548,"column":6},"end":{"line":548,"column":28}},"208":{"start":{"line":550,"column":19},"end":{"line":550,"column":41}},"209":{"start":{"line":551,"column":4},"end":{"line":557,"column":5}},"210":{"start":{"line":552,"column":6},"end":{"line":556,"column":7}},"211":{"start":{"line":553,"column":8},"end":{"line":553,"column":22}},"212":{"start":{"line":554,"column":13},"end":{"line":556,"column":7}},"213":{"start":{"line":555,"column":8},"end":{"line":555,"column":24}},"214":{"start":{"line":558,"column":4},"end":{"line":558,"column":20}},"215":{"start":{"line":564,"column":15},"end":{"line":564,"column":36}},"216":{"start":{"line":565,"column":4},"end":{"line":575,"column":5}},"217":{"start":{"line":568,"column":8},"end":{"line":568,"column":28}},"218":{"start":{"line":572,"column":8},"end":{"line":572,"column":27}},"219":{"start":{"line":574,"column":8},"end":{"line":574,"column":20}},"220":{"start":{"line":580,"column":4},"end":{"line":582,"column":5}},"221":{"start":{"line":581,"column":6},"end":{"line":581,"column":23}},"222":{"start":{"line":583,"column":4},"end":{"line":583,"column":38}},"223":{"start":{"line":586,"column":2},"end":{"line":586,"column":49}},"224":{"start":{"line":587,"column":2},"end":{"line":587,"column":70}},"225":{"start":{"line":588,"column":2},"end":{"line":588,"column":44}},"226":{"start":{"line":590,"column":2},"end":{"line":590,"column":24}}},"fnMap":{"0":{"name":"(anonymous_55)","decl":{"start":{"line":17,"column":19},"end":{"line":17,"column":30}},"loc":{"start":{"line":17,"column":30},"end":{"line":17,"column":32}}},"1":{"name":"(anonymous_56)","decl":{"start":{"line":20,"column":17},"end":{"line":20,"column":26}},"loc":{"start":{"line":20,"column":32},"end":{"line":31,"column":3}}},"2":{"name":"emptyFunctionThatReturnsNull","decl":{"start":{"line":34,"column":9},"end":{"line":34,"column":37}},"loc":{"start":{"line":34,"column":40},"end":{"line":36,"column":1}}},"3":{"name":"(anonymous_58)","decl":{"start":{"line":38,"column":17},"end":{"line":38,"column":26}},"loc":{"start":{"line":38,"column":63},"end":{"line":591,"column":1}}},"4":{"name":"getIteratorFn","decl":{"start":{"line":57,"column":11},"end":{"line":57,"column":24}},"loc":{"start":{"line":57,"column":40},"end":{"line":62,"column":3}}},"5":{"name":"is","decl":{"start":{"line":142,"column":11},"end":{"line":142,"column":13}},"loc":{"start":{"line":142,"column":20},"end":{"line":152,"column":3}}},"6":{"name":"PropTypeError","decl":{"start":{"line":162,"column":11},"end":{"line":162,"column":24}},"loc":{"start":{"line":162,"column":34},"end":{"line":165,"column":3}}},"7":{"name":"createChainableTypeChecker","decl":{"start":{"line":169,"column":11},"end":{"line":169,"column":37}},"loc":{"start":{"line":169,"column":48},"end":{"line":225,"column":3}}},"8":{"name":"checkType","decl":{"start":{"line":174,"column":13},"end":{"line":174,"column":22}},"loc":{"start":{"line":174,"column":99},"end":{"line":219,"column":5}}},"9":{"name":"createPrimitiveTypeChecker","decl":{"start":{"line":227,"column":11},"end":{"line":227,"column":37}},"loc":{"start":{"line":227,"column":52},"end":{"line":242,"column":3}}},"10":{"name":"validate","decl":{"start":{"line":228,"column":13},"end":{"line":228,"column":21}},"loc":{"start":{"line":228,"column":86},"end":{"line":240,"column":5}}},"11":{"name":"createAnyTypeChecker","decl":{"start":{"line":244,"column":11},"end":{"line":244,"column":31}},"loc":{"start":{"line":244,"column":34},"end":{"line":246,"column":3}}},"12":{"name":"createArrayOfTypeChecker","decl":{"start":{"line":248,"column":11},"end":{"line":248,"column":35}},"loc":{"start":{"line":248,"column":49},"end":{"line":267,"column":3}}},"13":{"name":"validate","decl":{"start":{"line":249,"column":13},"end":{"line":249,"column":21}},"loc":{"start":{"line":249,"column":78},"end":{"line":265,"column":5}}},"14":{"name":"createElementTypeChecker","decl":{"start":{"line":269,"column":11},"end":{"line":269,"column":35}},"loc":{"start":{"line":269,"column":38},"end":{"line":279,"column":3}}},"15":{"name":"validate","decl":{"start":{"line":270,"column":13},"end":{"line":270,"column":21}},"loc":{"start":{"line":270,"column":78},"end":{"line":277,"column":5}}},"16":{"name":"createElementTypeTypeChecker","decl":{"start":{"line":281,"column":11},"end":{"line":281,"column":39}},"loc":{"start":{"line":281,"column":42},"end":{"line":291,"column":3}}},"17":{"name":"validate","decl":{"start":{"line":282,"column":13},"end":{"line":282,"column":21}},"loc":{"start":{"line":282,"column":78},"end":{"line":289,"column":5}}},"18":{"name":"createInstanceTypeChecker","decl":{"start":{"line":293,"column":11},"end":{"line":293,"column":36}},"loc":{"start":{"line":293,"column":52},"end":{"line":303,"column":3}}},"19":{"name":"validate","decl":{"start":{"line":294,"column":13},"end":{"line":294,"column":21}},"loc":{"start":{"line":294,"column":78},"end":{"line":301,"column":5}}},"20":{"name":"createEnumTypeChecker","decl":{"start":{"line":305,"column":11},"end":{"line":305,"column":32}},"loc":{"start":{"line":305,"column":49},"end":{"line":338,"column":3}}},"21":{"name":"validate","decl":{"start":{"line":320,"column":13},"end":{"line":320,"column":21}},"loc":{"start":{"line":320,"column":78},"end":{"line":336,"column":5}}},"22":{"name":"replacer","decl":{"start":{"line":328,"column":65},"end":{"line":328,"column":73}},"loc":{"start":{"line":328,"column":86},"end":{"line":334,"column":7}}},"23":{"name":"createObjectOfTypeChecker","decl":{"start":{"line":340,"column":11},"end":{"line":340,"column":36}},"loc":{"start":{"line":340,"column":50},"end":{"line":361,"column":3}}},"24":{"name":"validate","decl":{"start":{"line":341,"column":13},"end":{"line":341,"column":21}},"loc":{"start":{"line":341,"column":78},"end":{"line":359,"column":5}}},"25":{"name":"createUnionTypeChecker","decl":{"start":{"line":363,"column":11},"end":{"line":363,"column":33}},"loc":{"start":{"line":363,"column":55},"end":{"line":391,"column":3}}},"26":{"name":"validate","decl":{"start":{"line":380,"column":13},"end":{"line":380,"column":21}},"loc":{"start":{"line":380,"column":78},"end":{"line":389,"column":5}}},"27":{"name":"createNodeChecker","decl":{"start":{"line":393,"column":11},"end":{"line":393,"column":28}},"loc":{"start":{"line":393,"column":31},"end":{"line":401,"column":3}}},"28":{"name":"validate","decl":{"start":{"line":394,"column":13},"end":{"line":394,"column":21}},"loc":{"start":{"line":394,"column":78},"end":{"line":399,"column":5}}},"29":{"name":"createShapeTypeChecker","decl":{"start":{"line":403,"column":11},"end":{"line":403,"column":33}},"loc":{"start":{"line":403,"column":46},"end":{"line":423,"column":3}}},"30":{"name":"validate","decl":{"start":{"line":404,"column":13},"end":{"line":404,"column":21}},"loc":{"start":{"line":404,"column":78},"end":{"line":421,"column":5}}},"31":{"name":"createStrictShapeTypeChecker","decl":{"start":{"line":425,"column":11},"end":{"line":425,"column":39}},"loc":{"start":{"line":425,"column":52},"end":{"line":453,"column":3}}},"32":{"name":"validate","decl":{"start":{"line":426,"column":13},"end":{"line":426,"column":21}},"loc":{"start":{"line":426,"column":78},"end":{"line":450,"column":5}}},"33":{"name":"isNode","decl":{"start":{"line":455,"column":11},"end":{"line":455,"column":17}},"loc":{"start":{"line":455,"column":29},"end":{"line":500,"column":3}}},"34":{"name":"isSymbol","decl":{"start":{"line":502,"column":11},"end":{"line":502,"column":19}},"loc":{"start":{"line":502,"column":41},"end":{"line":524,"column":3}}},"35":{"name":"getPropType","decl":{"start":{"line":527,"column":11},"end":{"line":527,"column":22}},"loc":{"start":{"line":527,"column":34},"end":{"line":542,"column":3}}},"36":{"name":"getPreciseType","decl":{"start":{"line":546,"column":11},"end":{"line":546,"column":25}},"loc":{"start":{"line":546,"column":37},"end":{"line":559,"column":3}}},"37":{"name":"getPostfixForTypeWarning","decl":{"start":{"line":563,"column":11},"end":{"line":563,"column":35}},"loc":{"start":{"line":563,"column":43},"end":{"line":576,"column":3}}},"38":{"name":"getClassName","decl":{"start":{"line":579,"column":11},"end":{"line":579,"column":23}},"loc":{"start":{"line":579,"column":35},"end":{"line":584,"column":3}}}},"branchMap":{"0":{"loc":{"start":{"line":19,"column":0},"end":{"line":32,"column":1}},"type":"if","locations":[{"start":{"line":19,"column":0},"end":{"line":32,"column":1}},{"start":{"line":19,"column":0},"end":{"line":32,"column":1}}]},"1":{"loc":{"start":{"line":22,"column":4},"end":{"line":24,"column":5}},"type":"if","locations":[{"start":{"line":22,"column":4},"end":{"line":24,"column":5}},{"start":{"line":22,"column":4},"end":{"line":24,"column":5}}]},"2":{"loc":{"start":{"line":40,"column":24},"end":{"line":40,"column":52}},"type":"binary-expr","locations":[{"start":{"line":40,"column":24},"end":{"line":40,"column":52}},{"start":{"line":40,"column":56},"end":{"line":40,"column":71}}]},"3":{"loc":{"start":{"line":58,"column":21},"end":{"line":58,"column":34}},"type":"binary-expr","locations":[{"start":{"line":58,"column":21},"end":{"line":58,"column":34}},{"start":{"line":58,"column":39},"end":{"line":58,"column":54}},{"start":{"line":58,"column":58},"end":{"line":58,"column":88}},{"start":{"line":58,"column":92},"end":{"line":58,"column":127}}]},"4":{"loc":{"start":{"line":59,"column":4},"end":{"line":61,"column":5}},"type":"if","locations":[{"start":{"line":59,"column":4},"end":{"line":61,"column":5}},{"start":{"line":59,"column":4},"end":{"line":61,"column":5}}]},"5":{"loc":{"start":{"line":144,"column":4},"end":{"line":151,"column":5}},"type":"if","locations":[{"start":{"line":144,"column":4},"end":{"line":151,"column":5}},{"start":{"line":144,"column":4},"end":{"line":151,"column":5}}]},"6":{"loc":{"start":{"line":147,"column":13},"end":{"line":147,"column":20}},"type":"binary-expr","locations":[{"start":{"line":147,"column":13},"end":{"line":147,"column":20}},{"start":{"line":147,"column":24},"end":{"line":147,"column":39}}]},"7":{"loc":{"start":{"line":150,"column":13},"end":{"line":150,"column":20}},"type":"binary-expr","locations":[{"start":{"line":150,"column":13},"end":{"line":150,"column":20}},{"start":{"line":150,"column":24},"end":{"line":150,"column":31}}]},"8":{"loc":{"start":{"line":170,"column":4},"end":{"line":173,"column":5}},"type":"if","locations":[{"start":{"line":170,"column":4},"end":{"line":173,"column":5}},{"start":{"line":170,"column":4},"end":{"line":173,"column":5}}]},"9":{"loc":{"start":{"line":175,"column":22},"end":{"line":175,"column":35}},"type":"binary-expr","locations":[{"start":{"line":175,"column":22},"end":{"line":175,"column":35}},{"start":{"line":175,"column":39},"end":{"line":175,"column":48}}]},"10":{"loc":{"start":{"line":176,"column":21},"end":{"line":176,"column":33}},"type":"binary-expr","locations":[{"start":{"line":176,"column":21},"end":{"line":176,"column":33}},{"start":{"line":176,"column":37},"end":{"line":176,"column":45}}]},"11":{"loc":{"start":{"line":178,"column":6},"end":{"line":207,"column":7}},"type":"if","locations":[{"start":{"line":178,"column":6},"end":{"line":207,"column":7}},{"start":{"line":178,"column":6},"end":{"line":207,"column":7}}]},"12":{"loc":{"start":{"line":179,"column":8},"end":{"line":206,"column":9}},"type":"if","locations":[{"start":{"line":179,"column":8},"end":{"line":206,"column":9}},{"start":{"line":179,"column":8},"end":{"line":206,"column":9}}]},"13":{"loc":{"start":{"line":188,"column":15},"end":{"line":206,"column":9}},"type":"if","locations":[{"start":{"line":188,"column":15},"end":{"line":206,"column":9}},{"start":{"line":188,"column":15},"end":{"line":206,"column":9}}]},"14":{"loc":{"start":{"line":188,"column":19},"end":{"line":188,"column":56}},"type":"binary-expr","locations":[{"start":{"line":188,"column":19},"end":{"line":188,"column":56}},{"start":{"line":188,"column":60},"end":{"line":188,"column":90}}]},"15":{"loc":{"start":{"line":191,"column":10},"end":{"line":205,"column":11}},"type":"if","locations":[{"start":{"line":191,"column":10},"end":{"line":205,"column":11}},{"start":{"line":191,"column":10},"end":{"line":205,"column":11}}]},"16":{"loc":{"start":{"line":192,"column":12},"end":{"line":192,"column":46}},"type":"binary-expr","locations":[{"start":{"line":192,"column":12},"end":{"line":192,"column":46}},{"start":{"line":194,"column":12},"end":{"line":194,"column":42}}]},"17":{"loc":{"start":{"line":208,"column":6},"end":{"line":218,"column":7}},"type":"if","locations":[{"start":{"line":208,"column":6},"end":{"line":218,"column":7}},{"start":{"line":208,"column":6},"end":{"line":218,"column":7}}]},"18":{"loc":{"start":{"line":209,"column":8},"end":{"line":214,"column":9}},"type":"if","locations":[{"start":{"line":209,"column":8},"end":{"line":214,"column":9}},{"start":{"line":209,"column":8},"end":{"line":214,"column":9}}]},"19":{"loc":{"start":{"line":210,"column":10},"end":{"line":212,"column":11}},"type":"if","locations":[{"start":{"line":210,"column":10},"end":{"line":212,"column":11}},{"start":{"line":210,"column":10},"end":{"line":212,"column":11}}]},"20":{"loc":{"start":{"line":231,"column":6},"end":{"line":238,"column":7}},"type":"if","locations":[{"start":{"line":231,"column":6},"end":{"line":238,"column":7}},{"start":{"line":231,"column":6},"end":{"line":238,"column":7}}]},"21":{"loc":{"start":{"line":250,"column":6},"end":{"line":252,"column":7}},"type":"if","locations":[{"start":{"line":250,"column":6},"end":{"line":252,"column":7}},{"start":{"line":250,"column":6},"end":{"line":252,"column":7}}]},"22":{"loc":{"start":{"line":254,"column":6},"end":{"line":257,"column":7}},"type":"if","locations":[{"start":{"line":254,"column":6},"end":{"line":257,"column":7}},{"start":{"line":254,"column":6},"end":{"line":257,"column":7}}]},"23":{"loc":{"start":{"line":260,"column":8},"end":{"line":262,"column":9}},"type":"if","locations":[{"start":{"line":260,"column":8},"end":{"line":262,"column":9}},{"start":{"line":260,"column":8},"end":{"line":262,"column":9}}]},"24":{"loc":{"start":{"line":272,"column":6},"end":{"line":275,"column":7}},"type":"if","locations":[{"start":{"line":272,"column":6},"end":{"line":275,"column":7}},{"start":{"line":272,"column":6},"end":{"line":275,"column":7}}]},"25":{"loc":{"start":{"line":284,"column":6},"end":{"line":287,"column":7}},"type":"if","locations":[{"start":{"line":284,"column":6},"end":{"line":287,"column":7}},{"start":{"line":284,"column":6},"end":{"line":287,"column":7}}]},"26":{"loc":{"start":{"line":295,"column":6},"end":{"line":299,"column":7}},"type":"if","locations":[{"start":{"line":295,"column":6},"end":{"line":299,"column":7}},{"start":{"line":295,"column":6},"end":{"line":299,"column":7}}]},"27":{"loc":{"start":{"line":296,"column":32},"end":{"line":296,"column":50}},"type":"binary-expr","locations":[{"start":{"line":296,"column":32},"end":{"line":296,"column":50}},{"start":{"line":296,"column":54},"end":{"line":296,"column":63}}]},"28":{"loc":{"start":{"line":306,"column":4},"end":{"line":318,"column":5}},"type":"if","locations":[{"start":{"line":306,"column":4},"end":{"line":318,"column":5}},{"start":{"line":306,"column":4},"end":{"line":318,"column":5}}]},"29":{"loc":{"start":{"line":307,"column":6},"end":{"line":316,"column":7}},"type":"if","locations":[{"start":{"line":307,"column":6},"end":{"line":316,"column":7}},{"start":{"line":307,"column":6},"end":{"line":316,"column":7}}]},"30":{"loc":{"start":{"line":308,"column":8},"end":{"line":315,"column":9}},"type":"if","locations":[{"start":{"line":308,"column":8},"end":{"line":315,"column":9}},{"start":{"line":308,"column":8},"end":{"line":315,"column":9}}]},"31":{"loc":{"start":{"line":323,"column":8},"end":{"line":325,"column":9}},"type":"if","locations":[{"start":{"line":323,"column":8},"end":{"line":325,"column":9}},{"start":{"line":323,"column":8},"end":{"line":325,"column":9}}]},"32":{"loc":{"start":{"line":330,"column":8},"end":{"line":332,"column":9}},"type":"if","locations":[{"start":{"line":330,"column":8},"end":{"line":332,"column":9}},{"start":{"line":330,"column":8},"end":{"line":332,"column":9}}]},"33":{"loc":{"start":{"line":342,"column":6},"end":{"line":344,"column":7}},"type":"if","locations":[{"start":{"line":342,"column":6},"end":{"line":344,"column":7}},{"start":{"line":342,"column":6},"end":{"line":344,"column":7}}]},"34":{"loc":{"start":{"line":347,"column":6},"end":{"line":349,"column":7}},"type":"if","locations":[{"start":{"line":347,"column":6},"end":{"line":349,"column":7}},{"start":{"line":347,"column":6},"end":{"line":349,"column":7}}]},"35":{"loc":{"start":{"line":351,"column":8},"end":{"line":356,"column":9}},"type":"if","locations":[{"start":{"line":351,"column":8},"end":{"line":356,"column":9}},{"start":{"line":351,"column":8},"end":{"line":356,"column":9}}]},"36":{"loc":{"start":{"line":353,"column":10},"end":{"line":355,"column":11}},"type":"if","locations":[{"start":{"line":353,"column":10},"end":{"line":355,"column":11}},{"start":{"line":353,"column":10},"end":{"line":355,"column":11}}]},"37":{"loc":{"start":{"line":364,"column":4},"end":{"line":367,"column":5}},"type":"if","locations":[{"start":{"line":364,"column":4},"end":{"line":367,"column":5}},{"start":{"line":364,"column":4},"end":{"line":367,"column":5}}]},"38":{"loc":{"start":{"line":365,"column":46},"end":{"line":365,"column":132}},"type":"cond-expr","locations":[{"start":{"line":365,"column":46},"end":{"line":365,"column":132}},{"start":{"line":365,"column":135},"end":{"line":365,"column":141}}]},"39":{"loc":{"start":{"line":371,"column":6},"end":{"line":377,"column":7}},"type":"if","locations":[{"start":{"line":371,"column":6},"end":{"line":377,"column":7}},{"start":{"line":371,"column":6},"end":{"line":377,"column":7}}]},"40":{"loc":{"start":{"line":383,"column":8},"end":{"line":385,"column":9}},"type":"if","locations":[{"start":{"line":383,"column":8},"end":{"line":385,"column":9}},{"start":{"line":383,"column":8},"end":{"line":385,"column":9}}]},"41":{"loc":{"start":{"line":395,"column":6},"end":{"line":397,"column":7}},"type":"if","locations":[{"start":{"line":395,"column":6},"end":{"line":397,"column":7}},{"start":{"line":395,"column":6},"end":{"line":397,"column":7}}]},"42":{"loc":{"start":{"line":407,"column":6},"end":{"line":409,"column":7}},"type":"if","locations":[{"start":{"line":407,"column":6},"end":{"line":409,"column":7}},{"start":{"line":407,"column":6},"end":{"line":409,"column":7}}]},"43":{"loc":{"start":{"line":412,"column":8},"end":{"line":414,"column":9}},"type":"if","locations":[{"start":{"line":412,"column":8},"end":{"line":414,"column":9}},{"start":{"line":412,"column":8},"end":{"line":414,"column":9}}]},"44":{"loc":{"start":{"line":416,"column":8},"end":{"line":418,"column":9}},"type":"if","locations":[{"start":{"line":416,"column":8},"end":{"line":418,"column":9}},{"start":{"line":416,"column":8},"end":{"line":418,"column":9}}]},"45":{"loc":{"start":{"line":429,"column":6},"end":{"line":431,"column":7}},"type":"if","locations":[{"start":{"line":429,"column":6},"end":{"line":431,"column":7}},{"start":{"line":429,"column":6},"end":{"line":431,"column":7}}]},"46":{"loc":{"start":{"line":437,"column":8},"end":{"line":443,"column":9}},"type":"if","locations":[{"start":{"line":437,"column":8},"end":{"line":443,"column":9}},{"start":{"line":437,"column":8},"end":{"line":443,"column":9}}]},"47":{"loc":{"start":{"line":445,"column":8},"end":{"line":447,"column":9}},"type":"if","locations":[{"start":{"line":445,"column":8},"end":{"line":447,"column":9}},{"start":{"line":445,"column":8},"end":{"line":447,"column":9}}]},"48":{"loc":{"start":{"line":457,"column":6},"end":{"line":457,"column":20}},"type":"switch","locations":[{"start":{"line":457,"column":6},"end":{"line":457,"column":20}},{"start":{"line":458,"column":6},"end":{"line":458,"column":20}},{"start":{"line":459,"column":6},"end":{"line":460,"column":20}},{"start":{"line":461,"column":6},"end":{"line":462,"column":26}},{"start":{"line":463,"column":6},"end":{"line":496,"column":20}},{"start":{"line":497,"column":6},"end":{"line":498,"column":21}}]},"49":{"loc":{"start":{"line":464,"column":8},"end":{"line":466,"column":9}},"type":"if","locations":[{"start":{"line":464,"column":8},"end":{"line":466,"column":9}},{"start":{"line":464,"column":8},"end":{"line":466,"column":9}}]},"50":{"loc":{"start":{"line":467,"column":8},"end":{"line":469,"column":9}},"type":"if","locations":[{"start":{"line":467,"column":8},"end":{"line":469,"column":9}},{"start":{"line":467,"column":8},"end":{"line":469,"column":9}}]},"51":{"loc":{"start":{"line":467,"column":12},"end":{"line":467,"column":30}},"type":"binary-expr","locations":[{"start":{"line":467,"column":12},"end":{"line":467,"column":30}},{"start":{"line":467,"column":34},"end":{"line":467,"column":59}}]},"52":{"loc":{"start":{"line":472,"column":8},"end":{"line":494,"column":9}},"type":"if","locations":[{"start":{"line":472,"column":8},"end":{"line":494,"column":9}},{"start":{"line":472,"column":8},"end":{"line":494,"column":9}}]},"53":{"loc":{"start":{"line":475,"column":10},"end":{"line":491,"column":11}},"type":"if","locations":[{"start":{"line":475,"column":10},"end":{"line":491,"column":11}},{"start":{"line":475,"column":10},"end":{"line":491,"column":11}}]},"54":{"loc":{"start":{"line":477,"column":14},"end":{"line":479,"column":15}},"type":"if","locations":[{"start":{"line":477,"column":14},"end":{"line":479,"column":15}},{"start":{"line":477,"column":14},"end":{"line":479,"column":15}}]},"55":{"loc":{"start":{"line":485,"column":14},"end":{"line":489,"column":15}},"type":"if","locations":[{"start":{"line":485,"column":14},"end":{"line":489,"column":15}},{"start":{"line":485,"column":14},"end":{"line":489,"column":15}}]},"56":{"loc":{"start":{"line":486,"column":16},"end":{"line":488,"column":17}},"type":"if","locations":[{"start":{"line":486,"column":16},"end":{"line":488,"column":17}},{"start":{"line":486,"column":16},"end":{"line":488,"column":17}}]},"57":{"loc":{"start":{"line":504,"column":4},"end":{"line":506,"column":5}},"type":"if","locations":[{"start":{"line":504,"column":4},"end":{"line":506,"column":5}},{"start":{"line":504,"column":4},"end":{"line":506,"column":5}}]},"58":{"loc":{"start":{"line":509,"column":4},"end":{"line":511,"column":5}},"type":"if","locations":[{"start":{"line":509,"column":4},"end":{"line":511,"column":5}},{"start":{"line":509,"column":4},"end":{"line":511,"column":5}}]},"59":{"loc":{"start":{"line":514,"column":4},"end":{"line":516,"column":5}},"type":"if","locations":[{"start":{"line":514,"column":4},"end":{"line":516,"column":5}},{"start":{"line":514,"column":4},"end":{"line":516,"column":5}}]},"60":{"loc":{"start":{"line":519,"column":4},"end":{"line":521,"column":5}},"type":"if","locations":[{"start":{"line":519,"column":4},"end":{"line":521,"column":5}},{"start":{"line":519,"column":4},"end":{"line":521,"column":5}}]},"61":{"loc":{"start":{"line":519,"column":8},"end":{"line":519,"column":36}},"type":"binary-expr","locations":[{"start":{"line":519,"column":8},"end":{"line":519,"column":36}},{"start":{"line":519,"column":40},"end":{"line":519,"column":67}}]},"62":{"loc":{"start":{"line":529,"column":4},"end":{"line":531,"column":5}},"type":"if","locations":[{"start":{"line":529,"column":4},"end":{"line":531,"column":5}},{"start":{"line":529,"column":4},"end":{"line":531,"column":5}}]},"63":{"loc":{"start":{"line":532,"column":4},"end":{"line":537,"column":5}},"type":"if","locations":[{"start":{"line":532,"column":4},"end":{"line":537,"column":5}},{"start":{"line":532,"column":4},"end":{"line":537,"column":5}}]},"64":{"loc":{"start":{"line":538,"column":4},"end":{"line":540,"column":5}},"type":"if","locations":[{"start":{"line":538,"column":4},"end":{"line":540,"column":5}},{"start":{"line":538,"column":4},"end":{"line":540,"column":5}}]},"65":{"loc":{"start":{"line":547,"column":4},"end":{"line":549,"column":5}},"type":"if","locations":[{"start":{"line":547,"column":4},"end":{"line":549,"column":5}},{"start":{"line":547,"column":4},"end":{"line":549,"column":5}}]},"66":{"loc":{"start":{"line":547,"column":8},"end":{"line":547,"column":40}},"type":"binary-expr","locations":[{"start":{"line":547,"column":8},"end":{"line":547,"column":40}},{"start":{"line":547,"column":44},"end":{"line":547,"column":62}}]},"67":{"loc":{"start":{"line":551,"column":4},"end":{"line":557,"column":5}},"type":"if","locations":[{"start":{"line":551,"column":4},"end":{"line":557,"column":5}},{"start":{"line":551,"column":4},"end":{"line":557,"column":5}}]},"68":{"loc":{"start":{"line":552,"column":6},"end":{"line":556,"column":7}},"type":"if","locations":[{"start":{"line":552,"column":6},"end":{"line":556,"column":7}},{"start":{"line":552,"column":6},"end":{"line":556,"column":7}}]},"69":{"loc":{"start":{"line":554,"column":13},"end":{"line":556,"column":7}},"type":"if","locations":[{"start":{"line":554,"column":13},"end":{"line":556,"column":7}},{"start":{"line":554,"column":13},"end":{"line":556,"column":7}}]},"70":{"loc":{"start":{"line":566,"column":6},"end":{"line":566,"column":19}},"type":"switch","locations":[{"start":{"line":566,"column":6},"end":{"line":566,"column":19}},{"start":{"line":567,"column":6},"end":{"line":568,"column":28}},{"start":{"line":569,"column":6},"end":{"line":569,"column":21}},{"start":{"line":570,"column":6},"end":{"line":570,"column":18}},{"start":{"line":571,"column":6},"end":{"line":572,"column":27}},{"start":{"line":573,"column":6},"end":{"line":574,"column":20}}]},"71":{"loc":{"start":{"line":580,"column":4},"end":{"line":582,"column":5}},"type":"if","locations":[{"start":{"line":580,"column":4},"end":{"line":582,"column":5}},{"start":{"line":580,"column":4},"end":{"line":582,"column":5}}]},"72":{"loc":{"start":{"line":580,"column":8},"end":{"line":580,"column":30}},"type":"binary-expr","locations":[{"start":{"line":580,"column":8},"end":{"line":580,"column":30}},{"start":{"line":580,"column":34},"end":{"line":580,"column":61}}]}},"s":{"0":0,"1":0,"2":0,"3":0,"4":0,"5":0,"6":0,"7":0,"8":0,"9":0,"10":0,"11":0,"12":0,"13":0,"14":0,"15":0,"16":0,"17":0,"18":0,"19":0,"20":0,"21":0,"22":0,"23":0,"24":0,"25":0,"26":0,"27":0,"28":0,"29":0,"30":0,"31":0,"32":0,"33":0,"34":0,"35":0,"36":0,"37":0,"38":0,"39":0,"40":0,"41":0,"42":0,"43":0,"44":0,"45":0,"46":0,"47":0,"48":0,"49":0,"50":0,"51":0,"52":0,"53":0,"54":0,"55":0,"56":0,"57":0,"58":0,"59":0,"60":0,"61":0,"62":0,"63":0,"64":0,"65":0,"66":0,"67":0,"68":0,"69":0,"70":0,"71":0,"72":0,"73":0,"74":0,"75":0,"76":0,"77":0,"78":0,"79":0,"80":0,"81":0,"82":0,"83":0,"84":0,"85":0,"86":0,"87":0,"88":0,"89":0,"90":0,"91":0,"92":0,"93":0,"94":0,"95":0,"96":0,"97":0,"98":0,"99":0,"100":0,"101":0,"102":0,"103":0,"104":0,"105":0,"106":0,"107":0,"108":0,"109":0,"110":0,"111":0,"112":0,"113":0,"114":0,"115":0,"116":0,"117":0,"118":0,"119":0,"120":0,"121":0,"122":0,"123":0,"124":0,"125":0,"126":0,"127":0,"128":0,"129":0,"130":0,"131":0,"132":0,"133":0,"134":0,"135":0,"136":0,"137":0,"138":0,"139":0,"140":0,"141":0,"142":0,"143":0,"144":0,"145":0,"146":0,"147":0,"148":0,"149":0,"150":0,"151":0,"152":0,"153":0,"154":0,"155":0,"156":0,"157":0,"158":0,"159":0,"160":0,"161":0,"162":0,"163":0,"164":0,"165":0,"166":0,"167":0,"168":0,"169":0,"170":0,"171":0,"172":0,"173":0,"174":0,"175":0,"176":0,"177":0,"178":0,"179":0,"180":0,"181":0,"182":0,"183":0,"184":0,"185":0,"186":0,"187":0,"188":0,"189":0,"190":0,"191":0,"192":0,"193":0,"194":0,"195":0,"196":0,"197":0,"198":0,"199":0,"200":0,"201":0,"202":0,"203":0,"204":0,"205":0,"206":0,"207":0,"208":0,"209":0,"210":0,"211":0,"212":0,"213":0,"214":0,"215":0,"216":0,"217":0,"218":0,"219":0,"220":0,"221":0,"222":0,"223":0,"224":0,"225":0,"226":0},"f":{"0":0,"1":0,"2":0,"3":0,"4":0,"5":0,"6":0,"7":0,"8":0,"9":0,"10":0,"11":0,"12":0,"13":0,"14":0,"15":0,"16":0,"17":0,"18":0,"19":0,"20":0,"21":0,"22":0,"23":0,"24":0,"25":0,"26":0,"27":0,"28":0,"29":0,"30":0,"31":0,"32":0,"33":0,"34":0,"35":0,"36":0,"37":0,"38":0},"b":{"0":[0,0],"1":[0,0],"2":[0,0],"3":[0,0,0,0],"4":[0,0],"5":[0,0],"6":[0,0],"7":[0,0],"8":[0,0],"9":[0,0],"10":[0,0],"11":[0,0],"12":[0,0],"13":[0,0],"14":[0,0],"15":[0,0],"16":[0,0],"17":[0,0],"18":[0,0],"19":[0,0],"20":[0,0],"21":[0,0],"22":[0,0],"23":[0,0],"24":[0,0],"25":[0,0],"26":[0,0],"27":[0,0],"28":[0,0],"29":[0,0],"30":[0,0],"31":[0,0],"32":[0,0],"33":[0,0],"34":[0,0],"35":[0,0],"36":[0,0],"37":[0,0],"38":[0,0],"39":[0,0],"40":[0,0],"41":[0,0],"42":[0,0],"43":[0,0],"44":[0,0],"45":[0,0],"46":[0,0],"47":[0,0],"48":[0,0,0,0,0,0],"49":[0,0],"50":[0,0],"51":[0,0],"52":[0,0],"53":[0,0],"54":[0,0],"55":[0,0],"56":[0,0],"57":[0,0],"58":[0,0],"59":[0,0],"60":[0,0],"61":[0,0],"62":[0,0],"63":[0,0],"64":[0,0],"65":[0,0],"66":[0,0],"67":[0,0],"68":[0,0],"69":[0,0],"70":[0,0,0,0,0,0],"71":[0,0],"72":[0,0]}}
,"/Users/kirillfrolov/projects/tags-input/node_modules/prop-types/index.js": {"path":"/Users/kirillfrolov/projects/tags-input/node_modules/prop-types/index.js","statementMap":{"0":{"start":{"line":8,"column":0},"end":{"line":19,"column":null}},"1":{"start":{"line":9,"column":16},"end":{"line":9,"column":35}},"2":{"start":{"line":13,"column":28},"end":{"line":13,"column":32}},"3":{"start":{"line":14,"column":2},"end":{"line":14,"column":96}},"4":{"start":{"line":18,"column":2},"end":{"line":18,"column":59}}},"fnMap":{},"branchMap":{"0":{"loc":{"start":{"line":8,"column":0},"end":{"line":19,"column":null}},"type":"if","locations":[{"start":{"line":8,"column":0},"end":{"line":19,"column":null}},{"start":{"line":8,"column":0},"end":{"line":19,"column":null}}]}},"s":{"0":0,"1":0,"2":0,"3":0,"4":0},"f":{},"b":{"0":[0,0]}}
,"/Users/kirillfrolov/projects/tags-input/node_modules/prop-types/lib/ReactPropTypesSecret.js": {"path":"/Users/kirillfrolov/projects/tags-input/node_modules/prop-types/lib/ReactPropTypesSecret.js","statementMap":{"0":{"start":{"line":10,"column":27},"end":{"line":10,"column":73}},"1":{"start":{"line":12,"column":17},"end":{"line":12,"column":37}}},"fnMap":{},"branchMap":{},"s":{"0":0,"1":0},"f":{},"b":{}}
,"/Users/kirillfrolov/projects/tags-input/node_modules/react-is/index.js": {"path":"/Users/kirillfrolov/projects/tags-input/node_modules/react-is/index.js","statementMap":{"0":{"start":{"line":3,"column":0},"end":{"line":7,"column":null}},"1":{"start":{"line":4,"column":2},"end":{"line":4,"column":63}},"2":{"start":{"line":6,"column":2},"end":{"line":6,"column":60}}},"fnMap":{},"branchMap":{"0":{"loc":{"start":{"line":3,"column":0},"end":{"line":7,"column":null}},"type":"if","locations":[{"start":{"line":3,"column":0},"end":{"line":7,"column":null}},{"start":{"line":3,"column":0},"end":{"line":7,"column":null}}]}},"s":{"0":0,"1":0,"2":0},"f":{},"b":{"0":[0,0]}}
,"/Users/kirillfrolov/projects/tags-input/node_modules/react-is/cjs/react-is.development.js": {"path":"/Users/kirillfrolov/projects/tags-input/node_modules/react-is/cjs/react-is.development.js","statementMap":{"0":{"start":{"line":14,"column":0},"end":{"line":181,"column":null}},"1":{"start":{"line":15,"column":2},"end":{"line":180,"column":7}},"2":{"start":{"line":20,"column":16},"end":{"line":20,"column":58}},"3":{"start":{"line":21,"column":25},"end":{"line":21,"column":73}},"4":{"start":{"line":22,"column":24},"end":{"line":22,"column":71}},"5":{"start":{"line":23,"column":26},"end":{"line":23,"column":75}},"6":{"start":{"line":24,"column":29},"end":{"line":24,"column":81}},"7":{"start":{"line":25,"column":26},"end":{"line":25,"column":75}},"8":{"start":{"line":26,"column":26},"end":{"line":26,"column":75}},"9":{"start":{"line":27,"column":25},"end":{"line":27,"column":73}},"10":{"start":{"line":30,"column":28},"end":{"line":30,"column":79}},"11":{"start":{"line":31,"column":33},"end":{"line":31,"column":89}},"12":{"start":{"line":32,"column":29},"end":{"line":32,"column":81}},"13":{"start":{"line":33,"column":26},"end":{"line":33,"column":75}},"14":{"start":{"line":34,"column":31},"end":{"line":34,"column":85}},"15":{"start":{"line":35,"column":22},"end":{"line":35,"column":67}},"16":{"start":{"line":36,"column":22},"end":{"line":36,"column":67}},"17":{"start":{"line":37,"column":23},"end":{"line":37,"column":69}},"18":{"start":{"line":38,"column":29},"end":{"line":38,"column":81}},"19":{"start":{"line":39,"column":27},"end":{"line":39,"column":77}},"20":{"start":{"line":40,"column":23},"end":{"line":40,"column":69}},"21":{"start":{"line":43,"column":2},"end":{"line":44,"column":614}},"22":{"start":{"line":48,"column":2},"end":{"line":84,"column":3}},"23":{"start":{"line":49,"column":19},"end":{"line":49,"column":34}},"24":{"start":{"line":51,"column":4},"end":{"line":83,"column":5}},"25":{"start":{"line":53,"column":19},"end":{"line":53,"column":30}},"26":{"start":{"line":55,"column":8},"end":{"line":79,"column":9}},"27":{"start":{"line":62,"column":12},"end":{"line":62,"column":24}},"28":{"start":{"line":65,"column":31},"end":{"line":65,"column":52}},"29":{"start":{"line":67,"column":12},"end":{"line":77,"column":13}},"30":{"start":{"line":73,"column":16},"end":{"line":73,"column":36}},"31":{"start":{"line":76,"column":16},"end":{"line":76,"column":32}},"32":{"start":{"line":82,"column":8},"end":{"line":82,"column":24}},"33":{"start":{"line":86,"column":2},"end":{"line":86,"column":19}},"34":{"start":{"line":89,"column":16},"end":{"line":89,"column":37}},"35":{"start":{"line":90,"column":21},"end":{"line":90,"column":47}},"36":{"start":{"line":91,"column":22},"end":{"line":91,"column":40}},"37":{"start":{"line":92,"column":22},"end":{"line":92,"column":41}},"38":{"start":{"line":93,"column":14},"end":{"line":93,"column":32}},"39":{"start":{"line":94,"column":17},"end":{"line":94,"column":39}},"40":{"start":{"line":95,"column":15},"end":{"line":95,"column":34}},"41":{"start":{"line":96,"column":11},"end":{"line":96,"column":26}},"42":{"start":{"line":97,"column":11},"end":{"line":97,"column":26}},"43":{"start":{"line":98,"column":13},"end":{"line":98,"column":30}},"44":{"start":{"line":99,"column":15},"end":{"line":99,"column":34}},"45":{"start":{"line":100,"column":17},"end":{"line":100,"column":39}},"46":{"start":{"line":101,"column":15},"end":{"line":101,"column":34}},"47":{"start":{"line":102,"column":42},"end":{"line":102,"column":47}},"48":{"start":{"line":106,"column":4},"end":{"line":110,"column":5}},"49":{"start":{"line":107,"column":6},"end":{"line":107,"column":49}},"50":{"start":{"line":109,"column":6},"end":{"line":109,"column":209}},"51":{"start":{"line":113,"column":2},"end":{"line":113,"column":78}},"52":{"start":{"line":116,"column":2},"end":{"line":116,"column":55}},"53":{"start":{"line":119,"column":2},"end":{"line":119,"column":47}},"54":{"start":{"line":122,"column":2},"end":{"line":122,"column":48}},"55":{"start":{"line":125,"column":2},"end":{"line":125,"column":97}},"56":{"start":{"line":128,"column":2},"end":{"line":128,"column":51}},"57":{"start":{"line":131,"column":2},"end":{"line":131,"column":48}},"58":{"start":{"line":134,"column":2},"end":{"line":134,"column":44}},"59":{"start":{"line":137,"column":2},"end":{"line":137,"column":44}},"60":{"start":{"line":140,"column":2},"end":{"line":140,"column":46}},"61":{"start":{"line":143,"column":2},"end":{"line":143,"column":48}},"62":{"start":{"line":146,"column":2},"end":{"line":146,"column":51}},"63":{"start":{"line":149,"column":2},"end":{"line":149,"column":48}},"64":{"start":{"line":152,"column":0},"end":{"line":152,"column":30}},"65":{"start":{"line":153,"column":0},"end":{"line":153,"column":40}},"66":{"start":{"line":154,"column":0},"end":{"line":154,"column":42}},"67":{"start":{"line":155,"column":0},"end":{"line":155,"column":42}},"68":{"start":{"line":156,"column":0},"end":{"line":156,"column":26}},"69":{"start":{"line":157,"column":0},"end":{"line":157,"column":32}},"70":{"start":{"line":158,"column":0},"end":{"line":158,"column":28}},"71":{"start":{"line":159,"column":0},"end":{"line":159,"column":20}},"72":{"start":{"line":160,"column":0},"end":{"line":160,"column":20}},"73":{"start":{"line":161,"column":0},"end":{"line":161,"column":24}},"74":{"start":{"line":162,"column":0},"end":{"line":162,"column":28}},"75":{"start":{"line":163,"column":0},"end":{"line":163,"column":32}},"76":{"start":{"line":164,"column":0},"end":{"line":164,"column":28}},"77":{"start":{"line":165,"column":0},"end":{"line":165,"column":34}},"78":{"start":{"line":166,"column":0},"end":{"line":166,"column":44}},"79":{"start":{"line":167,"column":0},"end":{"line":167,"column":46}},"80":{"start":{"line":168,"column":0},"end":{"line":168,"column":46}},"81":{"start":{"line":169,"column":0},"end":{"line":169,"column":30}},"82":{"start":{"line":170,"column":0},"end":{"line":170,"column":36}},"83":{"start":{"line":171,"column":0},"end":{"line":171,"column":32}},"84":{"start":{"line":172,"column":0},"end":{"line":172,"column":24}},"85":{"start":{"line":173,"column":0},"end":{"line":173,"column":24}},"86":{"start":{"line":174,"column":0},"end":{"line":174,"column":28}},"87":{"start":{"line":175,"column":0},"end":{"line":175,"column":32}},"88":{"start":{"line":176,"column":0},"end":{"line":176,"column":36}},"89":{"start":{"line":177,"column":0},"end":{"line":177,"column":32}},"90":{"start":{"line":178,"column":0},"end":{"line":178,"column":48}},"91":{"start":{"line":179,"column":0},"end":{"line":179,"column":24}}},"fnMap":{"0":{"name":"(anonymous_29)","decl":{"start":{"line":15,"column":3},"end":{"line":15,"column":14}},"loc":{"start":{"line":15,"column":14},"end":{"line":180,"column":3}}},"1":{"name":"isValidElementType","decl":{"start":{"line":42,"column":9},"end":{"line":42,"column":27}},"loc":{"start":{"line":42,"column":34},"end":{"line":45,"column":1}}},"2":{"name":"typeOf","decl":{"start":{"line":47,"column":9},"end":{"line":47,"column":15}},"loc":{"start":{"line":47,"column":24},"end":{"line":87,"column":1}}},"3":{"name":"isAsyncMode","decl":{"start":{"line":104,"column":9},"end":{"line":104,"column":20}},"loc":{"start":{"line":104,"column":29},"end":{"line":114,"column":1}}},"4":{"name":"isConcurrentMode","decl":{"start":{"line":115,"column":9},"end":{"line":115,"column":25}},"loc":{"start":{"line":115,"column":34},"end":{"line":117,"column":1}}},"5":{"name":"isContextConsumer","decl":{"start":{"line":118,"column":9},"end":{"line":118,"column":26}},"loc":{"start":{"line":118,"column":35},"end":{"line":120,"column":1}}},"6":{"name":"isContextProvider","decl":{"start":{"line":121,"column":9},"end":{"line":121,"column":26}},"loc":{"start":{"line":121,"column":35},"end":{"line":123,"column":1}}},"7":{"name":"isElement","decl":{"start":{"line":124,"column":9},"end":{"line":124,"column":18}},"loc":{"start":{"line":124,"column":27},"end":{"line":126,"column":1}}},"8":{"name":"isForwardRef","decl":{"start":{"line":127,"column":9},"end":{"line":127,"column":21}},"loc":{"start":{"line":127,"column":30},"end":{"line":129,"column":1}}},"9":{"name":"isFragment","decl":{"start":{"line":130,"column":9},"end":{"line":130,"column":19}},"loc":{"start":{"line":130,"column":28},"end":{"line":132,"column":1}}},"10":{"name":"isLazy","decl":{"start":{"line":133,"column":9},"end":{"line":133,"column":15}},"loc":{"start":{"line":133,"column":24},"end":{"line":135,"column":1}}},"11":{"name":"isMemo","decl":{"start":{"line":136,"column":9},"end":{"line":136,"column":15}},"loc":{"start":{"line":136,"column":24},"end":{"line":138,"column":1}}},"12":{"name":"isPortal","decl":{"start":{"line":139,"column":9},"end":{"line":139,"column":17}},"loc":{"start":{"line":139,"column":26},"end":{"line":141,"column":1}}},"13":{"name":"isProfiler","decl":{"start":{"line":142,"column":9},"end":{"line":142,"column":19}},"loc":{"start":{"line":142,"column":28},"end":{"line":144,"column":1}}},"14":{"name":"isStrictMode","decl":{"start":{"line":145,"column":9},"end":{"line":145,"column":21}},"loc":{"start":{"line":145,"column":30},"end":{"line":147,"column":1}}},"15":{"name":"isSuspense","decl":{"start":{"line":148,"column":9},"end":{"line":148,"column":19}},"loc":{"start":{"line":148,"column":28},"end":{"line":150,"column":1}}}},"branchMap":{"0":{"loc":{"start":{"line":14,"column":0},"end":{"line":181,"column":null}},"type":"if","locations":[{"start":{"line":14,"column":0},"end":{"line":181,"column":null}},{"start":{"line":14,"column":0},"end":{"line":181,"column":null}}]},"1":{"loc":{"start":{"line":20,"column":16},"end":{"line":20,"column":44}},"type":"binary-expr","locations":[{"start":{"line":20,"column":16},"end":{"line":20,"column":44}},{"start":{"line":20,"column":48},"end":{"line":20,"column":58}}]},"2":{"loc":{"start":{"line":21,"column":37},"end":{"line":21,"column":64}},"type":"cond-expr","locations":[{"start":{"line":21,"column":37},"end":{"line":21,"column":64}},{"start":{"line":21,"column":67},"end":{"line":21,"column":73}}]},"3":{"loc":{"start":{"line":22,"column":36},"end":{"line":22,"column":62}},"type":"cond-expr","locations":[{"start":{"line":22,"column":36},"end":{"line":22,"column":62}},{"start":{"line":22,"column":65},"end":{"line":22,"column":71}}]},"4":{"loc":{"start":{"line":23,"column":38},"end":{"line":23,"column":66}},"type":"cond-expr","locations":[{"start":{"line":23,"column":38},"end":{"line":23,"column":66}},{"start":{"line":23,"column":69},"end":{"line":23,"column":75}}]},"5":{"loc":{"start":{"line":24,"column":41},"end":{"line":24,"column":72}},"type":"cond-expr","locations":[{"start":{"line":24,"column":41},"end":{"line":24,"column":72}},{"start":{"line":24,"column":75},"end":{"line":24,"column":81}}]},"6":{"loc":{"start":{"line":25,"column":38},"end":{"line":25,"column":66}},"type":"cond-expr","locations":[{"start":{"line":25,"column":38},"end":{"line":25,"column":66}},{"start":{"line":25,"column":69},"end":{"line":25,"column":75}}]},"7":{"loc":{"start":{"line":26,"column":38},"end":{"line":26,"column":66}},"type":"cond-expr","locations":[{"start":{"line":26,"column":38},"end":{"line":26,"column":66}},{"start":{"line":26,"column":69},"end":{"line":26,"column":75}}]},"8":{"loc":{"start":{"line":27,"column":37},"end":{"line":27,"column":64}},"type":"cond-expr","locations":[{"start":{"line":27,"column":37},"end":{"line":27,"column":64}},{"start":{"line":27,"column":67},"end":{"line":27,"column":73}}]},"9":{"loc":{"start":{"line":30,"column":40},"end":{"line":30,"column":70}},"type":"cond-expr","locations":[{"start":{"line":30,"column":40},"end":{"line":30,"column":70}},{"start":{"line":30,"column":73},"end":{"line":30,"column":79}}]},"10":{"loc":{"start":{"line":31,"column":45},"end":{"line":31,"column":80}},"type":"cond-expr","locations":[{"start":{"line":31,"column":45},"end":{"line":31,"column":80}},{"start":{"line":31,"column":83},"end":{"line":31,"column":89}}]},"11":{"loc":{"start":{"line":32,"column":41},"end":{"line":32,"column":72}},"type":"cond-expr","locations":[{"start":{"line":32,"column":41},"end":{"line":32,"column":72}},{"start":{"line":32,"column":75},"end":{"line":32,"column":81}}]},"12":{"loc":{"start":{"line":33,"column":38},"end":{"line":33,"column":66}},"type":"cond-expr","locations":[{"start":{"line":33,"column":38},"end":{"line":33,"column":66}},{"start":{"line":33,"column":69},"end":{"line":33,"column":75}}]},"13":{"loc":{"start":{"line":34,"column":43},"end":{"line":34,"column":76}},"type":"cond-expr","locations":[{"start":{"line":34,"column":43},"end":{"line":34,"column":76}},{"start":{"line":34,"column":79},"end":{"line":34,"column":85}}]},"14":{"loc":{"start":{"line":35,"column":34},"end":{"line":35,"column":58}},"type":"cond-expr","locations":[{"start":{"line":35,"column":34},"end":{"line":35,"column":58}},{"start":{"line":35,"column":61},"end":{"line":35,"column":67}}]},"15":{"loc":{"start":{"line":36,"column":34},"end":{"line":36,"column":58}},"type":"cond-expr","locations":[{"start":{"line":36,"column":34},"end":{"line":36,"column":58}},{"start":{"line":36,"column":61},"end":{"line":36,"column":67}}]},"16":{"loc":{"start":{"line":37,"column":35},"end":{"line":37,"column":60}},"type":"cond-expr","locations":[{"start":{"line":37,"column":35},"end":{"line":37,"column":60}},{"start":{"line":37,"column":63},"end":{"line":37,"column":69}}]},"17":{"loc":{"start":{"line":38,"column":41},"end":{"line":38,"column":72}},"type":"cond-expr","locations":[{"start":{"line":38,"column":41},"end":{"line":38,"column":72}},{"start":{"line":38,"column":75},"end":{"line":38,"column":81}}]},"18":{"loc":{"start":{"line":39,"column":39},"end":{"line":39,"column":68}},"type":"cond-expr","locations":[{"start":{"line":39,"column":39},"end":{"line":39,"column":68}},{"start":{"line":39,"column":71},"end":{"line":39,"column":77}}]},"19":{"loc":{"start":{"line":40,"column":35},"end":{"line":40,"column":60}},"type":"cond-expr","locations":[{"start":{"line":40,"column":35},"end":{"line":40,"column":60}},{"start":{"line":40,"column":63},"end":{"line":40,"column":69}}]},"20":{"loc":{"start":{"line":43,"column":9},"end":{"line":43,"column":33}},"type":"binary-expr","locations":[{"start":{"line":43,"column":9},"end":{"line":43,"column":33}},{"start":{"line":43,"column":37},"end":{"line":43,"column":63}},{"start":{"line":44,"column":2},"end":{"line":44,"column":30}},{"start":{"line":44,"column":34},"end":{"line":44,"column":69}},{"start":{"line":44,"column":73},"end":{"line":44,"column":101}},{"start":{"line":44,"column":105},"end":{"line":44,"column":136}},{"start":{"line":44,"column":140},"end":{"line":44,"column":168}},{"start":{"line":44,"column":172},"end":{"line":44,"column":205}},{"start":{"line":44,"column":209},"end":{"line":44,"column":233}},{"start":{"line":44,"column":237},"end":{"line":44,"column":250}},{"start":{"line":44,"column":255},"end":{"line":44,"column":288}},{"start":{"line":44,"column":292},"end":{"line":44,"column":325}},{"start":{"line":44,"column":329},"end":{"line":44,"column":366}},{"start":{"line":44,"column":370},"end":{"line":44,"column":406}},{"start":{"line":44,"column":410},"end":{"line":44,"column":450}},{"start":{"line":44,"column":454},"end":{"line":44,"column":494}},{"start":{"line":44,"column":498},"end":{"line":44,"column":536}},{"start":{"line":44,"column":540},"end":{"line":44,"column":574}},{"start":{"line":44,"column":578},"end":{"line":44,"column":612}}]},"21":{"loc":{"start":{"line":48,"column":2},"end":{"line":84,"column":3}},"type":"if","locations":[{"start":{"line":48,"column":2},"end":{"line":84,"column":3}},{"start":{"line":48,"column":2},"end":{"line":84,"column":3}}]},"22":{"loc":{"start":{"line":48,"column":6},"end":{"line":48,"column":32}},"type":"binary-expr","locations":[{"start":{"line":48,"column":6},"end":{"line":48,"column":32}},{"start":{"line":48,"column":36},"end":{"line":48,"column":51}}]},"23":{"loc":{"start":{"line":52,"column":6},"end":{"line":79,"column":9}},"type":"switch","locations":[{"start":{"line":52,"column":6},"end":{"line":79,"column":9}},{"start":{"line":81,"column":6},"end":{"line":82,"column":24}}]},"24":{"loc":{"start":{"line":56,"column":10},"end":{"line":56,"column":37}},"type":"switch","locations":[{"start":{"line":56,"column":10},"end":{"line":56,"column":37}},{"start":{"line":57,"column":10},"end":{"line":57,"column":42}},{"start":{"line":58,"column":10},"end":{"line":58,"column":35}},{"start":{"line":59,"column":10},"end":{"line":59,"column":35}},{"start":{"line":60,"column":10},"end":{"line":60,"column":38}},{"start":{"line":61,"column":10},"end":{"line":62,"column":24}},{"start":{"line":64,"column":10},"end":{"line":77,"column":13}}]},"25":{"loc":{"start":{"line":65,"column":31},"end":{"line":65,"column":35}},"type":"binary-expr","locations":[{"start":{"line":65,"column":31},"end":{"line":65,"column":35}},{"start":{"line":65,"column":39},"end":{"line":65,"column":52}}]},"26":{"loc":{"start":{"line":68,"column":14},"end":{"line":68,"column":38}},"type":"switch","locations":[{"start":{"line":68,"column":14},"end":{"line":68,"column":38}},{"start":{"line":69,"column":14},"end":{"line":69,"column":42}},{"start":{"line":70,"column":14},"end":{"line":70,"column":35}},{"start":{"line":71,"column":14},"end":{"line":71,"column":35}},{"start":{"line":72,"column":14},"end":{"line":73,"column":36}},{"start":{"line":75,"column":14},"end":{"line":76,"column":32}}]},"27":{"loc":{"start":{"line":106,"column":4},"end":{"line":110,"column":5}},"type":"if","locations":[{"start":{"line":106,"column":4},"end":{"line":110,"column":5}},{"start":{"line":106,"column":4},"end":{"line":110,"column":5}}]},"28":{"loc":{"start":{"line":113,"column":9},"end":{"line":113,"column":33}},"type":"binary-expr","locations":[{"start":{"line":113,"column":9},"end":{"line":113,"column":33}},{"start":{"line":113,"column":37},"end":{"line":113,"column":77}}]},"29":{"loc":{"start":{"line":125,"column":9},"end":{"line":125,"column":35}},"type":"binary-expr","locations":[{"start":{"line":125,"column":9},"end":{"line":125,"column":35}},{"start":{"line":125,"column":39},"end":{"line":125,"column":54}},{"start":{"line":125,"column":58},"end":{"line":125,"column":96}}]}},"s":{"0":0,"1":0,"2":0,"3":0,"4":0,"5":0,"6":0,"7":0,"8":0,"9":0,"10":0,"11":0,"12":0,"13":0,"14":0,"15":0,"16":0,"17":0,"18":0,"19":0,"20":0,"21":0,"22":0,"23":0,"24":0,"25":0,"26":0,"27":0,"28":0,"29":0,"30":0,"31":0,"32":0,"33":0,"34":0,"35":0,"36":0,"37":0,"38":0,"39":0,"40":0,"41":0,"42":0,"43":0,"44":0,"45":0,"46":0,"47":0,"48":0,"49":0,"50":0,"51":0,"52":0,"53":0,"54":0,"55":0,"56":0,"57":0,"58":0,"59":0,"60":0,"61":0,"62":0,"63":0,"64":0,"65":0,"66":0,"67":0,"68":0,"69":0,"70":0,"71":0,"72":0,"73":0,"74":0,"75":0,"76":0,"77":0,"78":0,"79":0,"80":0,"81":0,"82":0,"83":0,"84":0,"85":0,"86":0,"87":0,"88":0,"89":0,"90":0,"91":0},"f":{"0":0,"1":0,"2":0,"3":0,"4":0,"5":0,"6":0,"7":0,"8":0,"9":0,"10":0,"1
[...]
[{"start":{"line":10,"column":421},"end":{"line":10,"column":452}},{"start":{"line":10,"column":453},"end":{"line":10,"column":458}}]},"11":{"loc":{"start":{"line":10,"column":463},"end":{"line":10,"column":491}},"type":"cond-expr","locations":[{"start":{"line":10,"column":463},"end":{"line":10,"column":491}},{"start":{"line":10,"column":492},"end":{"line":10,"column":497}}]},"12":{"loc":{"start":{"line":11,"column":0},"end":{"line":11,"column":33}},"type":"cond-expr","locations":[{"start":{"line":11,"column":0},"end":{"line":11,"column":33}},{"start":{"line":11,"column":34},"end":{"line":11,"column":39}}]},"13":{"loc":{"start":{"line":11,"column":44},"end":{"line":11,"column":68}},"type":"cond-expr","locations":[{"start":{"line":11,"column":44},"end":{"line":11,"column":68}},{"start":{"line":11,"column":69},"end":{"line":11,"column":74}}]},"14":{"loc":{"start":{"line":11,"column":79},"end":{"line":11,"column":103}},"type":"cond-expr","locations":[{"start":{"line":11,"column":79},"end":{"line":11,"column":103}},{"start":{"line":11,"column":104},"end":{"line":11,"column":109}}]},"15":{"loc":{"start":{"line":11,"column":114},"end":{"line":11,"column":139}},"type":"cond-expr","locations":[{"start":{"line":11,"column":114},"end":{"line":11,"column":139}},{"start":{"line":11,"column":140},"end":{"line":11,"column":145}}]},"16":{"loc":{"start":{"line":11,"column":150},"end":{"line":11,"column":181}},"type":"cond-expr","locations":[{"start":{"line":11,"column":150},"end":{"line":11,"column":181}},{"start":{"line":11,"column":182},"end":{"line":11,"column":187}}]},"17":{"loc":{"start":{"line":11,"column":192},"end":{"line":11,"column":221}},"type":"cond-expr","locations":[{"start":{"line":11,"column":192},"end":{"line":11,"column":221}},{"start":{"line":11,"column":222},"end":{"line":11,"column":227}}]},"18":{"loc":{"start":{"line":11,"column":232},"end":{"line":11,"column":257}},"type":"cond-expr","locations":[{"start":{"line":11,"column":232},"end":{"line":11,"column":257}},{"start":{"line":11,"column":258},"end":{"line":11,"column":263}}]},"19":{"loc":{"start":{"line":12,"column":14},"end":{"line":12,"column":265}},"type":"if","locations":[{"start":{"line":12,"column":14},"end":{"line":12,"column":265}},{"start":{"line":12,"column":14},"end":{"line":12,"column":265}}]},"20":{"loc":{"start":{"line":12,"column":17},"end":{"line":12,"column":36}},"type":"binary-expr","locations":[{"start":{"line":12,"column":17},"end":{"line":12,"column":36}},{"start":{"line":12,"column":38},"end":{"line":12,"column":46}}]},"21":{"loc":{"start":{"line":12,"column":75},"end":{"line":12,"column":248}},"type":"switch","locations":[{"start":{"line":12,"column":75},"end":{"line":12,"column":248}},{"start":{"line":12,"column":248},"end":{"line":12,"column":263}}]},"22":{"loc":{"start":{"line":12,"column":101},"end":{"line":12,"column":108}},"type":"switch","locations":[{"start":{"line":12,"column":101},"end":{"line":12,"column":108}},{"start":{"line":12,"column":108},"end":{"line":12,"column":115}},{"start":{"line":12,"column":115},"end":{"line":12,"column":122}},{"start":{"line":12,"column":122},"end":{"line":12,"column":129}},{"start":{"line":12,"column":129},"end":{"line":12,"column":136}},{"start":{"line":12,"column":136},"end":{"line":12,"column":152}},{"start":{"line":12,"column":152},"end":{"line":12,"column":247}}]},"23":{"loc":{"start":{"line":12,"column":186},"end":{"line":12,"column":193}},"type":"switch","locations":[{"start":{"line":12,"column":186},"end":{"line":12,"column":193}},{"start":{"line":12,"column":193},"end":{"line":12,"column":200}},{"start":{"line":12,"column":200},"end":{"line":12,"column":207}},{"start":{"line":12,"column":207},"end":{"line":12,"column":214}},{"start":{"line":12,"column":214},"end":{"line":12,"column":230}},{"start":{"line":12,"column":230},"end":{"line":12,"column":246}}]},"24":{"loc":{"start":{"line":12,"column":169},"end":{"line":12,"column":170}},"type":"binary-expr","locations":[{"start":{"line":12,"column":169},"end":{"line":12,"column":170}},{"start":{"line":12,"column":172},"end":{"line":12,"column":182}}]},"25":{"loc":{"start":{"line":13,"column":98},"end":{"line":13,"column":102}},"type":"binary-expr","locations":[{"start":{"line":13,"column":98},"end":{"line":13,"column":102}},{"start":{"line":13,"column":104},"end":{"line":13,"column":112}}]},"26":{"loc":{"start":{"line":13,"column":287},"end":{"line":13,"column":306}},"type":"binary-expr","locations":[{"start":{"line":13,"column":287},"end":{"line":13,"column":306}},{"start":{"line":13,"column":308},"end":{"line":13,"column":316}},{"start":{"line":13,"column":318},"end":{"line":13,"column":332}}]},"27":{"loc":{"start":{"line":15,"column":45},"end":{"line":15,"column":64}},"type":"binary-expr","locations":[{"start":{"line":15,"column":45},"end":{"line":15,"column":64}},{"start":{"line":15,"column":66},"end":{"line":15,"column":87}},{"start":{"line":15,"column":89},"end":{"line":15,"column":94}},{"start":{"line":15,"column":96},"end":{"line":15,"column":101}},{"start":{"line":15,"column":103},"end":{"line":15,"column":108}},{"start":{"line":15,"column":110},"end":{"line":15,"column":115}},{"start":{"line":15,"column":117},"end":{"line":15,"column":122}},{"start":{"line":15,"column":124},"end":{"line":15,"column":129}},{"start":{"line":15,"column":131},"end":{"line":15,"column":150}},{"start":{"line":15,"column":152},"end":{"line":15,"column":160}},{"start":{"line":15,"column":163},"end":{"line":15,"column":177}},{"start":{"line":15,"column":179},"end":{"line":15,"column":193}},{"start":{"line":15,"column":195},"end":{"line":15,"column":209}},{"start":{"line":15,"column":211},"end":{"line":15,"column":225}},{"start":{"line":15,"column":227},"end":{"line":15,"column":241}},{"start":{"line":15,"column":243},"end":{"line":15,"column":257}},{"start":{"line":15,"column":259},"end":{"line":15,"column":273}},{"start":{"line":15,"column":275},"end":{"line":15,"column":289}},{"start":{"line":15,"column":291},"end":{"line":15,"column":305}}]}},"s":{"0":0,"1":0,"2":0,"3":0,"4":0,"5":0,"6":0,"7":0,"8":0,"9":0,"10":0,"11":0,"12":0,"13":0,"14":0,"15":0,"16":0,"17":0,"18":0,"19":0,"20":0,"21":0,"22":0,"23":0,"24":0,"25":0,"26":0,"27":0,"28":0,"29":0,"30":0,"31":0,"32":0,"33":0,"34":0,"35":0,"36":0,"37":0,"38":0,"39":0,"40":0,"41":0,"42":0,"43":0,"44":0,"45":0,"46":0,"47":0,"48":0,"49":0,"50":0,"51":0,"52":0,"53":0,"54":0,"55":0,"56":0,"57":0,"58":0,"59":0,"60":0,"61":0,"62":0,"63":0,"64":0,"65":0,"66":0,"67":0,"68":0,"69":0},"f":{"0":0,"1":0,"2":0,"3":0,"4":0,"5":0,"6":0,"7":0,"8":0,"9":0,"10":0,"11":0,"12":0,"13":0,"14":0},"b":{"0":[0,0],"1":[0,0],"2":[0,0],"3":[0,0],"4":[0,0],"5":[0,0],"6":[0,0],"7":[0,0],"8":[0,0],"9":[0,0],"10":[0,0],"11":[0,0],"12":[0,0],"13":[0,0],"14":[0,0],"15":[0,0],"16":[0,0],"17":[0,0],"18":[0,0],"19":[0,0],"20":[0,0],"21":[0,0],"22":[0,0,0,0,0,0,0],"23":[0,0,0,0,0,0],"24":[0,0],"25":[0,0],"26":[0,0,0],"27":[0,0,0,0,0,0,0,0,0,0,0,0,0,0,0,0,0,0,0]}}
,"/Users/kirillfrolov/projects/tags-input/src/components/DefaultItemWrapper.jsx": {"data":{"path":"/Users/kirillfrolov/projects/tags-input/src/components/DefaultItemWrapper.jsx","statementMap":{"0":{"start":{"line":3,"column":23},"end":{"line":3,"column":null}},"1":{"start":{"line":9,"column":28},"end":{"line":9,"column":null}},"2":{"start":{"line":15,"column":34},"end":{"line":15,"column":37}},"3":{"start":{"line":15,"column":34},"end":{"line":15,"column":47}},"4":{"start":{"line":15,"column":34},"end":{"line":15,"column":null}}},"fnMap":{"0":{"name":"DefaultItemWrapper","decl":{"start":{"line":15,"column":13},"end":{"line":15,"column":31}},"loc":{"start":{"line":15,"column":34},"end":{"line":15,"column":37}}}},"branchMap":{},"s":{"0":4,"1":4,"2":4,"3":5,"4":0},"f":{"0":5},"b":{},"_coverageSchema":"1a1c01bbd47fc00a2c39e90264f33305004495a9","hash":"31bc766e765486249df587252db53f4dc8f78bd4"}}
,"/Users/kirillfrolov/projects/tags-input/src/components/InputField.jsx": {"data":{"path":"/Users/kirillfrolov/projects/tags-input/src/components/InputField.jsx","statementMap":{"0":{"start":{"line":4,"column":23},"end":{"line":4,"column":null}},"1":{"start":{"line":13,"column":26},"end":{"line":58,"column":null}},"2":{"start":{"line":14,"column":47},"end":{"line":14,"column":null}},"3":{"start":{"line":13,"column":35},"end":{"line":14,"column":22}},"4":{"start":{"line":13,"column":35},"end":{"line":14,"column":32}},"5":{"start":{"line":13,"column":35},"end":{"line":13,"column":null}},"6":{"start":{"line":15,"column":94},"end":{"line":15,"column":26}},"7":{"start":{"line":15,"column":94},"end":{"line":15,"column":36}},"8":{"start":{"line":15,"column":94},"end":{"line":15,"column":48}},"9":{"start":{"line":15,"column":94},"end":{"line":15,"column":60}},"10":{"start":{"line":15,"column":94},"end":{"line":15,"column":79}},"11":{"start":{"line":17,"column":22},"end":{"line":35,"column":null}},"12":{"start":{"line":18,"column":8},"end":{"line":18,"column":16}},"13":{"start":{"line":20,"column":16},"end":{"line":20,"column":28}},"14":{"start":{"line":21,"column":16},"end":{"line":21,"column":null}},"15":{"start":{"line":22,"column":16},"end":{"line":22,"column":null}},"16":{"start":{"line":24,"column":16},"end":{"line":24,"column":null}},"17":{"start":{"line":25,"column":16},"end":{"line":25,"column":null}},"18":{"start":{"line":27,"column":16},"end":{"line":27,"column":24}},"19":{"start":{"line":27,"column":29},"end":{"line":27,"column":33}},"20":{"start":{"line":28,"column":16},"end":{"line":28,"column":null}},"21":{"start":{"line":30,"column":16},"end":{"line":30,"column":24}},"22":{"start":{"line":30,"column":29},"end":{"line":30,"column":33}},"23":{"start":{"line":31,"column":16},"end":{"line":31,"column":null}},"24":{"start":{"line":33,"column":16},"end":{"line":33,"column":null}},"25":{"start":{"line":37,"column":27},"end":{"line":45,"column":null}},"26":{"start":{"line":38,"column":8},"end":{"line":44,"column":null}},"27":{"start":{"line":39,"column":12},"end":{"line":39,"column":17}},"28":{"start":{"line":40,"column":31},"end":{"line":40,"column":36}},"29":{"start":{"line":41,"column":24},"end":{"line":41,"column":34}},"30":{"start":{"line":43,"column":12},"end":{"line":43,"column":24}},"31":{"start":{"line":47,"column":4},"end":{"line":47,"column":null}}},"fnMap":{"0":{"name":"InputField","decl":{"start":{"line":13,"column":13},"end":{"line":13,"column":23}},"loc":{"start":{"line":13,"column":35},"end":{"line":58,"column":null}}},"1":{"name":"keyHolder","decl":{"start":{"line":17,"column":10},"end":{"line":17,"column":19}},"loc":{"start":{"line":17,"column":31},"end":{"line":35,"column":null}}},"2":{"name":"(anonymous_9)","decl":{"start":{"line":27,"column":25},"end":{"line":27,"column":29}},"loc":{"start":{"line":27,"column":29},"end":{"line":27,"column":33}}},"3":{"name":"(anonymous_10)","decl":{"start":{"line":30,"column":25},"end":{"line":30,"column":29}},"loc":{"start":{"line":30,"column":29},"end":{"line":30,"column":33}}},"4":{"name":"onPasteHandler","decl":{"start":{"line":37,"column":10},"end":{"line":37,"column":24}},"loc":{"start":{"line":37,"column":36},"end":{"line":45,"column":null}}}},"branchMap":{"0":{"loc":{"start":{"line":19,"column":12},"end":{"line":22,"column":null}},"type":"switch","locations":[{"start":{"line":19,"column":12},"end":{"line":22,"column":null}},{"start":{"line":23,"column":12},"end":{"line":25,"column":null}},{"start":{"line":26,"column":12},"end":{"line":28,"column":null}},{"start":{"line":29,"column":12},"end":{"line":31,"column":null}},{"start":{"line":32,"column":12},"end":{"line":33,"column":null}}]},"1":{"loc":{"start":{"line":38,"column":8},"end":{"line":44,"column":null}},"type":"if","locations":[{"start":{"line":38,"column":8},"end":{"line":44,"column":null}},{"start":{"line":38,"column":8},"end":{"line":44,"column":null}}]}},"s":{"0":2,"1":2,"2":21,"3":21,"4":21,"5":6,"6":2,"7":2,"8":2,"9":1,"10":1,"11":1,"12":1,"13":1,"14":1,"15":1,"16":1,"17":1,"18":21,"19":2,"20":1,"21":1,"22":1,"23":1,"24":21,"25":0,"26":0,"27":0,"28":0,"29":0,"30":0,"31":0},"f":{"0":21,"1":6,"2":1,"3":1,"4":2},"b":{"0":[2,1,1,1,1],"1":[1,1]},"_coverageSchema":"1a1c01bbd47fc00a2c39e90264f33305004495a9","hash":"b0d7dd35a66639ef2d2fbcf93a2a0f03833d2ac1"}}
,"/Users/kirillfrolov/projects/tags-input/src/components/TagItem.jsx": {"data":{"path":"/Users/kirillfrolov/projects/tags-input/src/components/TagItem.jsx","statementMap":{"0":{"start":{"line":4,"column":23},"end":{"line":4,"column":26}},"1":{"start":{"line":4,"column":23},"end":{"line":4,"column":33}},"2":{"start":{"line":4,"column":23},"end":{"line":4,"column":43}},"3":{"start":{"line":4,"column":23},"end":{"line":4,"column":60}},"4":{"start":{"line":5,"column":35},"end":{"line":5,"column":41}}},"fnMap":{"0":{"name":"TagItem","decl":{"start":{"line":4,"column":13},"end":{"line":4,"column":20}},"loc":{"start":{"line":4,"column":23},"end":{"line":4,"column":26}}},"1":{"name":"removeHandler","decl":{"start":{"line":5,"column":35},"end":{"line":5,"column":41}},"loc":{"start":{"line":5,"column":35},"end":{"line":5,"column":41}}}},"branchMap":{"0":{"loc":{"start":{"line":4,"column":60},"end":{"line":4,"column":null}},"type":"cond-expr","locations":[{"start":{"line":4,"column":60},"end":{"line":4,"column":null}},{"start":{"line":4,"column":23},"end":{"line":4,"column":26}}]}},"s":{"0":3,"1":15,"2":3,"3":0,"4":0},"f":{"0":15,"1":3},"b":{"0":[6,null]},"_coverageSchema":"1a1c01bbd47fc00a2c39e90264f33305004495a9","hash":"a1e0df59d017b4cb8ce9b00d3f9eae9566196d2c"}}
,"/Users/kirillfrolov/projects/tags-input/src/components/TagsInput.jsx": {"data":{"path":"/Users/kirillfrolov/projects/tags-input/src/components/TagsInput.jsx","statementMap":{"0":{"start":{"line":6,"column":25},"end":{"line":6,"column":null}},"1":{"start":{"line":12,"column":25},"end":{"line":39,"column":null}},"2":{"start":{"line":13,"column":69},"end":{"line":13,"column":20}},"3":{"start":{"line":13,"column":69},"end":{"line":13,"column":30}},"4":{"start":{"line":13,"column":69},"end":{"line":13,"column":49}},"5":{"start":{"line":12,"column":34},"end":{"line":12,"column":null}},"6":{"start":{"line":15,"column":26},"end":{"line":17,"column":null}},"7":{"start":{"line":16,"column":8},"end":{"line":16,"column":16}},"8":{"start":{"line":16,"column":32},"end":{"line":16,"column":36}},"9":{"start":{"line":19,"column":25},"end":{"line":24,"column":null}},"10":{"start":{"line":19,"column":43},"end":{"line":19,"column":null}},"11":{"start":{"line":19,"column":29},"end":{"line":19,"column":null}},"12":{"start":{"line":20,"column":31},"end":{"line":20,"column":40}},"13":{"start":{"line":20,"column":46},"end":{"line":20,"column":50}},"14":{"start":{"line":21,"column":21},"end":{"line":21,"column":25}},"15":{"start":{"line":21,"column":46},"end":{"line":21,"column":50}},"16":{"start":{"line":23,"column":8},"end":{"line":23,"column":16}},"17":{"start":{"line":26,"column":4},"end":{"line":26,"column":null}},"18":{"start":{"line":41,"column":0},"end":{"line":41,"column":9}},"19":{"start":{"line":52,"column":0},"end":{"line":52,"column":9}}},"fnMap":{"0":{"name":"TagsInput","decl":{"start":{"line":12,"column":13},"end":{"line":12,"column":22}},"loc":{"start":{"line":12,"column":34},"end":{"line":39,"column":null}}},"1":{"name":"removeHandler","decl":{"start":{"line":15,"column":10},"end":{"line":15,"column":23}},"loc":{"start":{"line":15,"column":43},"end":{"line":17,"column":null}}},"2":{"name":"(anonymous_107)","decl":{"start":{"line":16,"column":31},"end":{"line":16,"column":32}},"loc":{"start":{"line":16,"column":32},"end":{"line":16,"column":36}}},"3":{"name":"addNewValues","decl":{"start":{"line":19,"column":10},"end":{"line":19,"column":22}},"loc":{"start":{"line":19,"column":43},"end":{"line":24,"column":null}}},"4":{"name":"(anonymous_109)","decl":{"start":{"line":20,"column":45},"end":{"line":20,"column":46}},"loc":{"start":{"line":20,"column":46},"end":{"line":20,"column":50}}},"5":{"name":"(anonymous_110)","decl":{"start":{"line":21,"column":20},"end":{"line":21,"column":21}},"loc":{"start":{"line":21,"column":21},"end":{"line":21,"column":25}}},"6":{"name":"(anonymous_111)","decl":{"start":{"line":21,"column":43},"end":{"line":21,"column":46}},"loc":{"start":{"line":21,"column":46},"end":{"line":21,"column":50}}}},"branchMap":{"0":{"loc":{"start":{"line":21,"column":25},"end":{"line":21,"column":26}},"type":"binary-expr","locations":[{"start":{"line":21,"column":25},"end":{"line":21,"column":26}},{"start":{"line":21,"column":30},"end":{"line":21,"column":37}}]},"1":{"loc":{"start":{"line":30,"column":13},"end":{"line":30,"column":47}},"type":"binary-expr","locations":[{"start":{"line":30,"column":13},"end":{"line":30,"column":35}},{"start":{"line":30,"column":39},"end":{"line":30,"column":47}}],"line":30},"2":{"loc":{"start":{"line":32,"column":13},"end":{"line":32,"column":50}},"type":"binary-expr","locations":[{"start":{"line":32,"column":13},"end":{"line":32,"column":38}},{"start":{"line":32,"column":42},"end":{"line":32,"column":50}}],"line":32}},"s":{"0":1,"1":1,"2":3,"3":3,"4":1,"5":3,"6":3,"7":1,"8":1,"9":1,"10":3,"11":1,"12":3,"13":3,"14":1,"15":1,"16":0,"17":0,"18":0,"19":0},"f":{"0":3,"1":1,"2":3,"3":1,"4":1,"5":1,"6":3},"b":{"0":[1,1],"1":[3,0],"2":[3,3]},"_coverageSchema":"1a1c01bbd47fc00a2c39e90264f33305004495a9","hash":"d01d809f1fafcac136c8e9c47f9021625254d8b7"}}
,"/Users/kirillfrolov/projects/tags-input/src/components/TagsList.jsx": {"data":{"path":"/Users/kirillfrolov/projects/tags-input/src/components/TagsList.jsx","statementMap":{"0":{"start":{"line":4,"column":22},"end":{"line":4,"column":null}},"1":{"start":{"line":9,"column":24},"end":{"line":9,"column":27}},"2":{"start":{"line":9,"column":24},"end":{"line":9,"column":35}},"3":{"start":{"line":9,"column":24},"end":{"line":9,"column":45}},"4":{"start":{"line":9,"column":24},"end":{"line":9,"column":null}},"5":{"start":{"line":11,"column":21},"end":{"line":11,"column":25}}},"fnMap":{"0":{"name":"TagsList","decl":{"start":{"line":9,"column":13},"end":{"line":9,"column":21}},"loc":{"start":{"line":9,"column":24},"end":{"line":9,"column":27}}},"1":{"name":"(anonymous_104)","decl":{"start":{"line":11,"column":20},"end":{"line":11,"column":21}},"loc":{"start":{"line":11,"column":21},"end":{"line":11,"column":25}}}},"branchMap":{},"s":{"0":2,"1":2,"2":7,"3":21,"4":0,"5":0},"f":{"0":7,"1":21},"b":{},"_coverageSchema":"1a1c01bbd47fc00a2c39e90264f33305004495a9","hash":"c4e81b8f44f839da45b6f7a9e112ae048440df2f"}}
,"/Users/kirillfrolov/projects/tags-input/src/components/useInputState.js": {"data":{"path":"/Users/kirillfrolov/projects/tags-input/src/components/useInputState.js","statementMap":{"0":{"start":{"line":3,"column":29},"end":{"line":12,"column":null}},"1":{"start":{"line":4,"column":30},"end":{"line":4,"column":39}},"2":{"start":{"line":3,"column":35},"end":{"line":3,"column":null}},"3":{"start":{"line":6,"column":4},"end":{"line":6,"column":11}},"4":{"start":{"line":8,"column":23},"end":{"line":8,"column":27}},"5":{"start":{"line":9,"column":21},"end":{"line":9,"column":25}},"6":{"start":{"line":10,"column":15},"end":{"line":10,"column":21}}},"fnMap":{"0":{"name":"useInputState","decl":{"start":{"line":3,"column":13},"end":{"line":3,"column":26}},"loc":{"start":{"line":3,"column":35},"end":{"line":12,"column":null}}},"1":{"name":"onChange","decl":{"start":{"line":8,"column":18},"end":{"line":8,"column":23}},"loc":{"start":{"line":8,"column":23},"end":{"line":8,"column":27}}},"2":{"name":"setValue","decl":{"start":{"line":9,"column":18},"end":{"line":9,"column":21}},"loc":{"start":{"line":9,"column":21},"end":{"line":9,"column":25}}},"3":{"name":"reset","decl":{"start":{"line":10,"column":15},"end":{"line":10,"column":21}},"loc":{"start":{"line":10,"column":15},"end":{"line":10,"column":21}}}},"branchMap":{},"s":{"0":2,"1":21,"2":21,"3":6,"4":2,"5":3,"6":0},"f":{"0":21,"1":6,"2":2,"3":3},"b":{},"_coverageSchema":"1a1c01bbd47fc00a2c39e90264f33305004495a9","hash":"2af184e14a10950df4883411250f2803ee42a65d"}}
}
