TN:
SF:node_modules/object-assign/index.js
FN:13,toObject
FN:21,shouldUseNative
FN:41,(anonymous_48)
FN:50,(anonymous_49)
FN:65,(anonymous_50)
FNF:5
FNH:0
FNDA:0,toObject
FNDA:0,shouldUseNative
FNDA:0,(anonymous_48)
FNDA:0,(anonymous_49)
FNDA:0,(anonymous_50)
DA:9,0
DA:10,0
DA:11,0
DA:14,0
DA:15,0
DA:18,0
DA:22,0
DA:23,0
DA:24,0
DA:30,0
DA:31,0
DA:32,0
DA:33,0
DA:37,0
DA:38,0
DA:39,0
DA:41,0
DA:42,0
DA:44,0
DA:45,0
DA:49,0
DA:50,0
DA:51,0
DA:53,0
DA:55,0
DA:58,0
DA:61,0
DA:65,0
DA:67,0
DA:70,0
DA:71,0
DA:73,0
DA:74,0
DA:75,0
DA:79,0
DA:80,0
DA:81,0
DA:82,0
DA:83,0
DA:89,0
LF:40
LH:0
BRDA:14,0,0,0
BRDA:14,0,1,0
BRDA:14,1,0,0
BRDA:14,1,1,0
BRDA:23,2,0,0
BRDA:23,2,1,0
BRDA:32,3,0,0
BRDA:32,3,1,0
BRDA:44,4,0,0
BRDA:44,4,1,0
BRDA:53,5,0,0
BRDA:53,5,1,0
BRDA:65,6,0,0
BRDA:65,6,1,0
BRDA:74,7,0,0
BRDA:74,7,1,0
BRDA:79,8,0,0
BRDA:79,8,1,0
BRDA:82,9,0,0
BRDA:82,9,1,0
BRF:20
BRH:0
end_of_record
TN:
SF:node_modules/prop-types/checkPropTypes.js
FN:10,(anonymous_51)
FN:17,(anonymous_52)
FN:42,checkPropTypes
FN:96,(anonymous_54)
FNF:4
FNH:0
FNDA:0,(anonymous_51)
FNDA:0,(anonymous_52)
FNDA:0,checkPropTypes
FNDA:0,(anonymous_54)
DA:10,0
DA:12,0
DA:13,0
DA:14,0
DA:15,0
DA:17,0
DA:18,0
DA:19,0
DA:20,0
DA:22,0
DA:26,0
DA:43,0
DA:44,0
DA:45,0
DA:50,0
DA:53,0
DA:54,0
DA:58,0
DA:59,0
DA:61,0
DA:63,0
DA:65,0
DA:66,0
DA:75,0
DA:78,0
DA:80,0
DA:82,0
DA:96,0
DA:97,0
DA:98,0
DA:102,0
LF:31
LH:0
BRDA:12,0,0,0
BRDA:12,0,1,0
BRDA:19,1,0,0
BRDA:19,1,1,0
BRDA:43,2,0,0
BRDA:43,2,1,0
BRDA:45,3,0,0
BRDA:45,3,1,0
BRDA:53,4,0,0
BRDA:53,4,1,0
BRDA:55,5,0,0
BRDA:55,5,1,0
BRDA:65,6,0,0
BRDA:65,6,1,0
BRDA:65,7,0,0
BRDA:65,7,1,0
BRDA:67,8,0,0
BRDA:67,8,1,0
BRDA:75,9,0,0
BRDA:75,9,1,0
BRDA:75,10,0,0
BRDA:75,10,1,0
BRDA:80,11,0,0
BRDA:80,11,1,0
BRDA:83,12,0,0
BRDA:83,12,1,0
BRDA:97,13,0,0
BRDA:97,13,1,0
BRF:28
BRH:0
end_of_record
TN:
SF:node_modules/prop-types/factoryWithThrowingShims.js
FN:12,emptyFunction
FN:13,emptyFunctionWithReset
FN:16,(anonymous_96)
FN:17,shim
FN:31,getShim
FNF:5
FNH:0
FNDA:0,emptyFunction
FNDA:0,emptyFunctionWithReset
FNDA:0,(anonymous_96)
FNDA:0,shim
FNDA:0,getShim
DA:14,0
DA:16,0
DA:18,0
DA:20,0
DA:22,0
DA:27,0
DA:28,0
DA:30,0
DA:32,0
DA:36,0
DA:61,0
DA:63,0
LF:12
LH:0
BRDA:18,0,0,0
BRDA:18,0,1,0
BRF:2
BRH:0
end_of_record
TN:
SF:node_modules/prop-types/factoryWithTypeCheckers.js
FN:17,(anonymous_55)
FN:20,(anonymous_56)
FN:34,emptyFunctionThatReturnsNull
FN:38,(anonymous_58)
FN:57,getIteratorFn
FN:142,is
FN:162,PropTypeError
FN:169,createChainableTypeChecker
FN:174,checkType
FN:227,createPrimitiveTypeChecker
FN:228,validate
FN:244,createAnyTypeChecker
FN:248,createArrayOfTypeChecker
FN:249,validate
FN:269,createElementTypeChecker
FN:270,validate
FN:281,createElementTypeTypeChecker
FN:282,validate
FN:293,createInstanceTypeChecker
FN:294,validate
FN:305,createEnumTypeChecker
FN:320,validate
FN:328,replacer
FN:340,createObjectOfTypeChecker
FN:341,validate
FN:363,createUnionTypeChecker
FN:380,validate
FN:393,createNodeChecker
FN:394,validate
FN:403,createShapeTypeChecker
FN:404,validate
FN:425,createStrictShapeTypeChecker
FN:426,validate
FN:455,isNode
FN:502,isSymbol
FN:527,getPropType
FN:546,getPreciseType
FN:563,getPostfixForTypeWarning
FN:579,getClassName
FNF:39
FNH:0
FNDA:0,(anonymous_55)
FNDA:0,(anonymous_56)
FNDA:0,emptyFunctionThatReturnsNull
FNDA:0,(anonymous_58)
FNDA:0,getIteratorFn
FNDA:0,is
FNDA:0,PropTypeError
FNDA:0,createChainableTypeChecker
FNDA:0,checkType
FNDA:0,createPrimitiveTypeChecker
FNDA:0,validate
FNDA:0,createAnyTypeChecker
FNDA:0,createArrayOfTypeChecker
FNDA:0,validate
FNDA:0,createElementTypeChecker
FNDA:0,validate
FNDA:0,createElementTypeTypeChecker
FNDA:0,validate
FNDA:0,createInstanceTypeChecker
FNDA:0,validate
FNDA:0,createEnumTypeChecker
FNDA:0,validate
FNDA:0,replacer
FNDA:0,createObjectOfTypeChecker
FNDA:0,validate
FNDA:0,createUnionTypeChecker
FNDA:0,validate
FNDA:0,createNodeChecker
FNDA:0,validate
FNDA:0,createShapeTypeChecker
FNDA:0,validate
FNDA:0,createStrictShapeTypeChecker
FNDA:0,validate
FNDA:0,isNode
FNDA:0,isSymbol
FNDA:0,getPropType
FNDA:0,getPreciseType
FNDA:0,getPostfixForTypeWarning
FNDA:0,getClassName
DA:16,0
DA:17,0
DA:19,0
DA:20,0
DA:21,0
DA:22,0
DA:23,0
DA:25,0
DA:29,0
DA:35,0
DA:38,0
DA:40,0
DA:41,0
DA:58,0
DA:59,0
DA:60,0
DA:111,0
DA:115,0
DA:144,0
DA:147,0
DA:150,0
DA:163,0
DA:164,0
DA:167,0
DA:170,0
DA:171,0
DA:172,0
DA:175,0
DA:176,0
DA:178,0
DA:179,0
DA:181,0
DA:186,0
DA:187,0
DA:188,0
DA:190,0
DA:191,0
DA:196,0
DA:203,0
DA:204,0
DA:208,0
DA:209,0
DA:210,0
DA:211,0
DA:213,0
DA:215,0
DA:217,0
DA:221,0
DA:222,0
DA:224,0
DA:229,0
DA:230,0
DA:231,0
DA:235,0
DA:237,0
DA:239,0
DA:241,0
DA:245,0
DA:250,0
DA:251,0
DA:253,0
DA:254,0
DA:255,0
DA:256,0
DA:258,0
DA:259,0
DA:260,0
DA:261,0
DA:264,0
DA:266,0
DA:271,0
DA:272,0
DA:273,0
DA:274,0
DA:276,0
DA:278,0
DA:283,0
DA:284,0
DA:285,0
DA:286,0
DA:288,0
DA:290,0
DA:295,0
DA:296,0
DA:297,0
DA:298,0
DA:300,0
DA:302,0
DA:306,0
DA:307,0
DA:308,0
DA:309,0
DA:314,0
DA:317,0
DA:321,0
DA:322,0
DA:323,0
DA:324,0
DA:328,0
DA:329,0
DA:330,0
DA:331,0
DA:333,0
DA:335,0
DA:337,0
DA:342,0
DA:343,0
DA:345,0
DA:346,0
DA:347,0
DA:348,0
DA:350,0
DA:351,0
DA:352,0
DA:353,0
DA:354,0
DA:358,0
DA:360,0
DA:364,0
DA:365,0
DA:366,0
DA:369,0
DA:370,0
DA:371,0
DA:372,0
DA:376,0
DA:381,0
DA:382,0
DA:383,0
DA:384,0
DA:388,0
DA:390,0
DA:395,0
DA:396,0
DA:398,0
DA:400,0
DA:405,0
DA:406,0
DA:407,0
DA:408,0
DA:410,0
DA:411,0
DA:412,0
DA:413,0
DA:415,0
DA:416,0
DA:417,0
DA:420,0
DA:422,0
DA:427,0
DA:428,0
DA:429,0
DA:430,0
DA:434,0
DA:435,0
DA:436,0
DA:437,0
DA:438,0
DA:444,0
DA:445,0
DA:446,0
DA:449,0
DA:452,0
DA:456,0
DA:460,0
DA:462,0
DA:464,0
DA:465,0
DA:467,0
DA:468,0
DA:471,0
DA:472,0
DA:473,0
DA:475,0
DA:476,0
DA:477,0
DA:478,0
DA:483,0
DA:484,0
DA:485,0
DA:486,0
DA:487,0
DA:493,0
DA:496,0
DA:498,0
DA:504,0
DA:505,0
DA:509,0
DA:510,0
DA:514,0
DA:515,0
DA:519,0
DA:520,0
DA:523,0
DA:528,0
DA:529,0
DA:530,0
DA:532,0
DA:536,0
DA:538,0
DA:539,0
DA:541,0
DA:547,0
DA:548,0
DA:550,0
DA:551,0
DA:552,0
DA:553,0
DA:554,0
DA:555,0
DA:558,0
DA:564,0
DA:565,0
DA:568,0
DA:572,0
DA:574,0
DA:580,0
DA:581,0
DA:583,0
DA:586,0
DA:587,0
DA:588,0
DA:590,0
LF:223
LH:0
BRDA:19,0,0,0
BRDA:19,0,1,0
BRDA:22,1,0,0
BRDA:22,1,1,0
BRDA:40,2,0,0
BRDA:40,2,1,0
BRDA:58,3,0,0
BRDA:58,3,1,0
BRDA:58,3,2,0
BRDA:58,3,3,0
BRDA:59,4,0,0
BRDA:59,4,1,0
BRDA:144,5,0,0
BRDA:144,5,1,0
BRDA:147,6,0,0
BRDA:147,6,1,0
BRDA:150,7,0,0
BRDA:150,7,1,0
BRDA:170,8,0,0
BRDA:170,8,1,0
BRDA:175,9,0,0
BRDA:175,9,1,0
BRDA:176,10,0,0
BRDA:176,10,1,0
BRDA:178,11,0,0
BRDA:178,11,1,0
BRDA:179,12,0,0
BRDA:179,12,1,0
BRDA:188,13,0,0
BRDA:188,13,1,0
BRDA:188,14,0,0
BRDA:188,14,1,0
BRDA:191,15,0,0
BRDA:191,15,1,0
BRDA:192,16,0,0
BRDA:192,16,1,0
BRDA:208,17,0,0
BRDA:208,17,1,0
BRDA:209,18,0,0
BRDA:209,18,1,0
BRDA:210,19,0,0
BRDA:210,19,1,0
BRDA:231,20,0,0
BRDA:231,20,1,0
BRDA:250,21,0,0
BRDA:250,21,1,0
BRDA:254,22,0,0
BRDA:254,22,1,0
BRDA:260,23,0,0
BRDA:260,23,1,0
BRDA:272,24,0,0
BRDA:272,24,1,0
BRDA:284,25,0,0
BRDA:284,25,1,0
BRDA:295,26,0,0
BRDA:295,26,1,0
BRDA:296,27,0,0
BRDA:296,27,1,0
BRDA:306,28,0,0
BRDA:306,28,1,0
BRDA:307,29,0,0
BRDA:307,29,1,0
BRDA:308,30,0,0
BRDA:308,30,1,0
BRDA:323,31,0,0
BRDA:323,31,1,0
BRDA:330,32,0,0
BRDA:330,32,1,0
BRDA:342,33,0,0
BRDA:342,33,1,0
BRDA:347,34,0,0
BRDA:347,34,1,0
BRDA:351,35,0,0
BRDA:351,35,1,0
BRDA:353,36,0,0
BRDA:353,36,1,0
BRDA:364,37,0,0
BRDA:364,37,1,0
BRDA:365,38,0,0
BRDA:365,38,1,0
BRDA:371,39,0,0
BRDA:371,39,1,0
BRDA:383,40,0,0
BRDA:383,40,1,0
BRDA:395,41,0,0
BRDA:395,41,1,0
BRDA:407,42,0,0
BRDA:407,42,1,0
BRDA:412,43,0,0
BRDA:412,43,1,0
BRDA:416,44,0,0
BRDA:416,44,1,0
BRDA:429,45,0,0
BRDA:429,45,1,0
BRDA:437,46,0,0
BRDA:437,46,1,0
BRDA:445,47,0,0
BRDA:445,47,1,0
BRDA:457,48,0,0
BRDA:457,48,1,0
BRDA:457,48,2,0
BRDA:457,48,3,0
BRDA:457,48,4,0
BRDA:457,48,5,0
BRDA:464,49,0,0
BRDA:464,49,1,0
BRDA:467,50,0,0
BRDA:467,50,1,0
BRDA:467,51,0,0
BRDA:467,51,1,0
BRDA:472,52,0,0
BRDA:472,52,1,0
BRDA:475,53,0,0
BRDA:475,53,1,0
BRDA:477,54,0,0
BRDA:477,54,1,0
BRDA:485,55,0,0
BRDA:485,55,1,0
BRDA:486,56,0,0
BRDA:486,56,1,0
BRDA:504,57,0,0
BRDA:504,57,1,0
BRDA:509,58,0,0
BRDA:509,58,1,0
BRDA:514,59,0,0
BRDA:514,59,1,0
BRDA:519,60,0,0
BRDA:519,60,1,0
BRDA:519,61,0,0
BRDA:519,61,1,0
BRDA:529,62,0,0
BRDA:529,62,1,0
BRDA:532,63,0,0
BRDA:532,63,1,0
BRDA:538,64,0,0
BRDA:538,64,1,0
BRDA:547,65,0,0
BRDA:547,65,1,0
BRDA:547,66,0,0
BRDA:547,66,1,0
BRDA:551,67,0,0
BRDA:551,67,1,0
BRDA:552,68,0,0
BRDA:552,68,1,0
BRDA:554,69,0,0
BRDA:554,69,1,0
BRDA:566,70,0,0
BRDA:566,70,1,0
BRDA:566,70,2,0
BRDA:566,70,3,0
BRDA:566,70,4,0
BRDA:566,70,5,0
BRDA:580,71,0,0
BRDA:580,71,1,0
BRDA:580,72,0,0
BRDA:580,72,1,0
BRF:156
BRH:0
end_of_record
TN:
SF:node_modules/prop-types/index.js
FNF:0
FNH:0
DA:8,0
DA:9,0
DA:13,0
DA:14,0
DA:18,0
LF:5
LH:0
BRDA:8,0,0,0
BRDA:8,0,1,0
BRF:2
BRH:0
end_of_record
TN:
SF:node_modules/prop-types/lib/ReactPropTypesSecret.js
FNF:0
FNH:0
DA:10,0
DA:12,0
LF:2
LH:0
BRF:0
BRH:0
end_of_record
TN:
SF:node_modules/react-is/index.js
FNF:0
FNH:0
DA:3,0
DA:4,0
DA:6,0
LF:3
LH:0
BRDA:3,0,0,0
BRDA:3,0,1,0
BRF:2
BRH:0
end_of_record
TN:
SF:node_modules/react-is/cjs/react-is.development.js
FN:15,(anonymous_29)
FN:42,isValidElementType
FN:47,typeOf
FN:104,isAsyncMode
FN:115,isConcurrentMode
FN:118,isContextConsumer
FN:121,isContextProvider
FN:124,isElement
FN:127,isForwardRef
FN:130,isFragment
FN:133,isLazy
FN:136,isMemo
FN:139,isPortal
FN:142,isProfiler
FN:145,isStrictMode
FN:148,isSuspense
FNF:16
FNH:0
FNDA:0,(anonymous_29)
FNDA:0,isValidElementType
FNDA:0,typeOf
FNDA:0,isAsyncMode
FNDA:0,isConcurrentMode
FNDA:0,isContextConsumer
FNDA:0,isContextProvider
FNDA:0,isElement
FNDA:0,isForwardRef
FNDA:0,isFragment
FNDA:0,isLazy
FNDA:0,isMemo
FNDA:0,isPortal
FNDA:0,isProfiler
FNDA:0,isStrictMode
FNDA:0,isSuspense
DA:14,0
DA:15,0
DA:20,0
DA:21,0
DA:22,0
DA:23,0
DA:24,0
DA:25,0
DA:26,0
DA:27,0
DA:30,0
DA:31,0
DA:32,0
DA:33,0
DA:34,0
DA:35,0
DA:36,0
DA:37,0
DA:38,0
DA:39,0
DA:40,0
DA:43,0
DA:48,0
DA:49,0
DA:51,0
DA:53,0
DA:55,0
DA:62,0
DA:65,0
DA:67,0
DA:73,0
DA:76,0
DA:82,0
DA:86,0
DA:89,0
DA:90,0
DA:91,0
DA:92,0
DA:93,0
DA:94,0
DA:95,0
DA:96,0
DA:97,0
DA:98,0
DA:99,0
DA:100,0
DA:101,0
DA:102,0
DA:106,0
DA:107,0
DA:109,0
DA:113,0
DA:116,0
DA:119,0
DA:122,0
DA:125,0
DA:128,0
DA:131,0
DA:134,0
DA:137,0
DA:140,0
DA:143,0
DA:146,0
DA:149,0
DA:152,0
DA:153,0
DA:154,0
DA:155,0
DA:156,0
DA:157,0
DA:158,0
DA:159,0
DA:160,0
DA:161,0
DA:162,0
DA:163,0
DA:164,0
DA:165,0
DA:166,0
DA:167,0
DA:168,0
DA:169,0
DA:170,0
DA:171,0
DA:172,0
DA:173,0
DA:174,0
DA:175,0
DA:176,0
DA:177,0
DA:178,0
DA:179,0
LF:92
LH:0
BRDA:14,0,0,0
BRDA:14,0,1,0
BRDA:20,1,0,0
BRDA:20,1,1,0
BRDA:21,2,0,0
BRDA:21,2,1,0
BRDA:22,3,0,0
BRDA:22,3,1,0
BRDA:23,4,0,0
BRDA:23,4,1,0
BRDA:24,5,0,0
BRDA:24,5,1,0
BRDA:25,6,0,0
BRDA:25,6,1,0
BRDA:26,7,0,0
BRDA:26,7,1,0
BRDA:27,8,0,0
BRDA:27,8,1,0
BRDA:30,9,0,0
BRDA:30,9,1,0
BRDA:31,10,0,0
BRDA:31,10,1,0
BRDA:32,11,0,0
BRDA:32,11,1,0
BRDA:33,12,0,0
BRDA:33,12,1,0
BRDA:34,13,0,0
BRDA:34,13,1,0
BRDA:35,14,0,0
BRDA:35,14,1,0
BRDA:36,15,0,0
BRDA:36,15,1,0
BRDA:37,16,0,0
BRDA:37,16,1,0
BRDA:38,17,0,0
BRDA:38,17,1,0
BRDA:39,18,0,0
BRDA:39,18,1,0
BRDA:40,19,0,0
BRDA:40,19,1,0
BRDA:43,20,0,0
BRDA:43,20,1,0
BRDA:43,20,2,0
BRDA:43,20,3,0
BRDA:43,20,4,0
BRDA:43,20,5,0
BRDA:43,20,6,0
BRDA:43,20,7,0
BRDA:43,20,8,0
BRDA:43,20,9,0
BRDA:43,20,10,0
BRDA:43,20,11,0
BRDA:43,20,12,0
BRDA:43,20,13,0
BRDA:43,20,14,0
BRDA:43,20,15,0
BRDA:43,20,16,0
BRDA:43,20,17,0
BRDA:43,20,18,0
BRDA:48,21,0,0
BRDA:48,21,1,0
BRDA:48,22,0,0
BRDA:48,22,1,0
BRDA:52,23,0,0
BRDA:52,23,1,0
BRDA:56,24,0,0
BRDA:56,24,1,0
BRDA:56,24,2,0
BRDA:56,24,3,0
BRDA:56,24,4,0
BRDA:56,24,5,0
BRDA:56,24,6,0
BRDA:65,25,0,0
BRDA:65,25,1,0
BRDA:68,26,0,0
BRDA:68,26,1,0
BRDA:68,26,2,0
BRDA:68,26,3,0
BRDA:68,26,4,0
BRDA:68,26,5,0
BRDA:106,27,0,0
BRDA:106,27,1,0
BRDA:113,28,0,0
BRDA:113,28,1,0
BRDA:125,29,0,0
BRDA:125,29,1,0
BRDA:125,29,2,0
BRF:87
BRH:0
end_of_record
TN:
SF:node_modules/react-is/cjs/react-is.production.min.js
FN:12,z
FN:12,A
FN:13,(anonymous_15)
FN:13,(anonymous_16)
FN:13,(anonymous_17)
FN:13,(anonymous_18)
FN:13,(anonymous_19)
FN:13,(anonymous_20)
FN:13,(anonymous_21)
FN:14,(anonymous_22)
FN:14,(anonymous_23)
FN:14,(anonymous_24)
FN:14,(anonymous_25)
FN:14,(anonymous_26)
FN:15,(anonymous_27)
FNF:15
FNH:0
FNDA:0,z
FNDA:0,A
FNDA:0,(anonymous_15)
FNDA:0,(anonymous_16)
FNDA:0,(anonymous_17)
FNDA:0,(anonymous_18)
FNDA:0,(anonymous_19)
FNDA:0,(anonymous_20)
FNDA:0,(anonymous_21)
FNDA:0,(anonymous_22)
FNDA:0,(anonymous_23)
FNDA:0,(anonymous_24)
FNDA:0,(anonymous_25)
FNDA:0,(anonymous_26)
FNDA:0,(anonymous_27)
DA:10,0
DA:11,0
DA:12,0
DA:13,0
DA:14,0
DA:15,0
LF:6
LH:0
BRDA:10,0,0,0
BRDA:10,0,1,0
BRDA:10,1,0,0
BRDA:10,1,1,0
BRDA:10,2,0,0
BRDA:10,2,1,0
BRDA:10,3,0,0
BRDA:10,3,1,0
BRDA:10,4,0,0
BRDA:10,4,1,0
BRDA:10,5,0,0
BRDA:10,5,1,0
BRDA:10,6,0,0
BRDA:10,6,1,0
BRDA:10,7,0,0
BRDA:10,7,1,0
BRDA:10,8,0,0
BRDA:10,8,1,0
BRDA:10,9,0,0
BRDA:10,9,1,0
BRDA:10,10,0,0
BRDA:10,10,1,0
BRDA:10,11,0,0
BRDA:10,11,1,0
BRDA:11,12,0,0
BRDA:11,12,1,0
BRDA:11,13,0,0
BRDA:11,13,1,0
BRDA:11,14,0,0
BRDA:11,14,1,0
BRDA:11,15,0,0
BRDA:11,15,1,0
BRDA:11,16,0,0
BRDA:11,16,1,0
BRDA:11,17,0,0
BRDA:11,17,1,0
BRDA:11,18,0,0
BRDA:11,18,1,0
BRDA:12,19,0,0
BRDA:12,19,1,0
BRDA:12,20,0,0
BRDA:12,20,1,0
BRDA:12,21,0,0
BRDA:12,21,1,0
BRDA:12,22,0,0
BRDA:12,22,1,0
BRDA:12,22,2,0
BRDA:12,22,3,0
BRDA:12,22,4,0
BRDA:12,22,5,0
BRDA:12,22,6,0
BRDA:12,23,0,0
BRDA:12,23,1,0
BRDA:12,23,2,0
BRDA:12,23,3,0
BRDA:12,23,4,0
BRDA:12,23,5,0
BRDA:12,24,0,0
BRDA:12,24,1,0
BRDA:13,25,0,0
BRDA:13,25,1,0
BRDA:13,26,0,0
BRDA:13,26,1,0
BRDA:13,26,2,0
BRDA:15,27,0,0
BRDA:15,27,1,0
BRDA:15,27,2,0
BRDA:15,27,3,0
BRDA:15,27,4,0
BRDA:15,27,5,0
BRDA:15,27,6,0
BRDA:15,27,7,0
BRDA:15,27,8,0
BRDA:15,27,9,0
BRDA:15,27,10,0
BRDA:15,27,11,0
BRDA:15,27,12,0
BRDA:15,27,13,0
BRDA:15,27,14,0
BRDA:15,27,15,0
BRDA:15,27,16,0
BRDA:15,27,17,0
BRDA:15,27,18,0
BRF:83
BRH:0
end_of_record
TN:
SF:src/components/DefaultItemWrapper.jsx
FN:15,DefaultItemWrapper
FNF:1
FNH:1
FNDA:5,DefaultItemWrapper
DA:3,4
DA:9,4
DA:15,5
LF:3
LH:3
BRF:0
BRH:0
end_of_record
TN:
SF:src/components/InputField.jsx
FN:13,InputField
FN:17,keyHolder
FN:27,(anonymous_9)
FN:30,(anonymous_10)
FN:37,onPasteHandler
FNF:5
FNH:5
FNDA:21,InputField
FNDA:6,keyHolder
FNDA:1,(anonymous_9)
FNDA:1,(anonymous_10)
FNDA:2,onPasteHandler
DA:4,2
DA:13,21
DA:14,21
DA:15,2
DA:17,1
DA:18,1
DA:20,1
DA:21,1
DA:22,1
DA:24,1
DA:25,1
DA:27,21
DA:28,1
DA:30,1
DA:31,1
DA:33,21
DA:37,0
DA:38,0
DA:39,0
DA:40,0
DA:41,0
DA:43,0
DA:47,0
LF:23
LH:16
BRDA:19,0,0,2
BRDA:19,0,1,1
BRDA:19,0,2,1
BRDA:19,0,3,1
BRDA:19,0,4,1
BRDA:38,1,0,1
BRDA:38,1,1,1
BRF:7
BRH:7
end_of_record
TN:
SF:src/components/TagItem.jsx
FN:4,TagItem
FN:5,removeHandler
FNF:2
FNH:2
FNDA:15,TagItem
FNDA:3,removeHandler
DA:4,15
DA:5,0
LF:2
LH:1
BRDA:4,0,0,6
BRDA:4,0,1,NaN
BRF:2
BRH:1
end_of_record
TN:
SF:src/components/TagsInput.jsx
FN:12,TagsInput
FN:15,removeHandler
FN:16,(anonymous_107)
FN:19,addNewValues
FN:20,(anonymous_109)
FN:21,(anonymous_110)
FN:21,(anonymous_111)
FNF:7
FNH:7
FNDA:3,TagsInput
FNDA:1,removeHandler
FNDA:3,(anonymous_107)
FNDA:1,addNewValues
FNDA:1,(anonymous_109)
FNDA:1,(anonymous_110)
FNDA:3,(anonymous_111)
DA:6,1
DA:12,3
DA:13,3
DA:15,3
DA:16,1
DA:19,3
DA:20,3
DA:21,1
DA:23,0
DA:26,0
DA:41,0
DA:52,0
LF:12
LH:8
BRDA:21,0,0,1
BRDA:21,0,1,1
BRDA:30,1,0,3
BRDA:30,1,1,0
BRDA:32,2,0,3
BRDA:32,2,1,3
BRF:6
BRH:5
end_of_record
TN:
SF:src/components/TagsList.jsx
FN:9,TagsList
FN:11,(anonymous_104)
FNF:2
FNH:2
FNDA:7,TagsList
FNDA:21,(anonymous_104)
DA:4,2
DA:9,21
DA:11,0
LF:3
LH:2
BRF:0
BRH:0
end_of_record
TN:
SF:src/components/useInputState.js
FN:3,useInputState
FN:8,onChange
FN:9,setValue
FN:10,reset
FNF:4
FNH:4
FNDA:21,useInputState
FNDA:6,onChange
FNDA:2,setValue
FNDA:3,reset
DA:3,21
DA:4,21
DA:6,6
DA:8,2
DA:9,3
DA:10,0
LF:6
LH:5
BRF:0
BRH:0
end_of_record
